[error] 2025年9月14日16:36:56　/Form/Forum/ForumTop.aspx   [::1] [Mozilla/5.0 (Windows NT 10.0; Win64; x64) AppleWebKit/537.36 (KHTML, like Gecko) Chrome/140.0.0.0 Safari/537.36]
-> Exception of type 'System.Web.HttpUnhandledException' was thrown.
   at System.Web.UI.Page.HandleError(Exception e)
   at System.Web.UI.Page.ProcessRequestMain(Boolean includeStagesBeforeAsyncPoint, Boolean includeStagesAfterAsyncPoint)
   at System.Web.UI.Page.ProcessRequest(Boolean includeStagesBeforeAsyncPoint, Boolean includeStagesAfterAsyncPoint)
   at System.Web.UI.Page.ProcessRequest()
   at System.Web.UI.Page.ProcessRequestWithNoAssert(HttpContext context)
   at System.Web.UI.Page.ProcessRequest(HttpContext context)
   at ASP.form_forum_forumtop_aspx.ProcessRequest(HttpContext context) in c:\Users\romer\AppData\Local\Temp\Temporary ASP.NET Files\vs\b3d61826\4e34d6ee\App_Web_eupoga41.0.cs:line 0
   at System.Web.HttpApplication.CallHandlerExecutionStep.System.Web.HttpApplication.IExecutionStep.Execute()
   at System.Web.HttpApplication.ExecuteStepImpl(IExecutionStep step)
   at System.Web.HttpApplication.ExecuteStep(IExecutionStep step, Boolean& completedSynchronously)
-> ステートメントForum/Getで例外が発生しました。
---デバッグ用SQLパラメタ----
DECLARE @offset Int
DECLARE @page_size Int
SET @offset = '-10'
SET @page_size = '10'

-------

         SELECT RIGHT('000' + CAST(F.[forum_id] AS VARCHAR(3)), 3) AS forum_id,
                U.[name],
                FORMAT(F.[date_created], 'yyyy-MM-dd HH:mm:ss') AS date_created,
                F.[forum_title],
                F.[forum_text],
                U.[user_id] AS user_id
           FROM [dbo].[Forum] AS F
     INNER JOIN [dbo].[User] AS U
             ON F.[user_id] = U.[user_id]
       ORDER BY F.[forum_id]
         OFFSET @offset ROWS FETCH NEXT @page_size ROWS ONLY
      
-------

   at w2.Common.Sql.SqlStatement.SelectStatement(SqlAccessor sqlAccessor, IDictionary input) in c:\Users\ochiai\Documents\Visual Studio 2012\WebSites\w2.Common\Sql\SqlStatement.cs:line 375
   at w2.Common.Sql.SqlStatement.SelectStatementWithOC(SqlAccessor sqlAccessor, IDictionary input) in c:\Users\ochiai\Documents\Visual Studio 2012\WebSites\w2.Common\Sql\SqlStatement.cs:line 328
   at Form_Forum_ForumTop.GetForum() in c:\Users\romer\OneDrive\Documents\Visual Studio 2022\Projects\WebSites(RAUL_ROMERO)\RRP_Forum\Form\Forum\ForumTop.aspx.cs:line 128
   at Form_Forum_ForumTop.BindData() in c:\Users\romer\OneDrive\Documents\Visual Studio 2022\Projects\WebSites(RAUL_ROMERO)\RRP_Forum\Form\Forum\ForumTop.aspx.cs:line 108
   at Form_Forum_ForumTop.gvRowCommand(Object sender, GridViewCommandEventArgs e) in c:\Users\romer\OneDrive\Documents\Visual Studio 2022\Projects\WebSites(RAUL_ROMERO)\RRP_Forum\Form\Forum\ForumTop.aspx.cs:line 71
   at System.Web.UI.WebControls.GridView.OnRowCommand(GridViewCommandEventArgs e)
   at System.Web.UI.WebControls.GridView.HandleEvent(EventArgs e, Boolean causesValidation, String validationGroup)
   at System.Web.UI.WebControls.GridView.OnBubbleEvent(Object source, EventArgs e)
   at System.Web.UI.Control.RaiseBubbleEvent(Object source, EventArgs args)
   at System.Web.UI.WebControls.GridViewRow.OnBubbleEvent(Object source, EventArgs e)
   at System.Web.UI.Control.RaiseBubbleEvent(Object source, EventArgs args)
   at System.Web.UI.WebControls.LinkButton.OnCommand(CommandEventArgs e)
   at System.Web.UI.WebControls.LinkButton.RaisePostBackEvent(String eventArgument)
   at System.Web.UI.WebControls.LinkButton.System.Web.UI.IPostBackEventHandler.RaisePostBackEvent(String eventArgument)
   at System.Web.UI.Page.RaisePostBackEvent(IPostBackEventHandler sourceControl, String eventArgument)
   at System.Web.UI.Page.RaisePostBackEvent(NameValueCollection postData)
   at System.Web.UI.Page.ProcessRequestMain(Boolean includeStagesBeforeAsyncPoint, Boolean includeStagesAfterAsyncPoint)
-> The offset specified in a OFFSET clause may not be negative.
   at System.Data.SqlClient.SqlConnection.OnError(SqlException exception, Boolean breakConnection, Action`1 wrapCloseInAction)
   at System.Data.SqlClient.TdsParser.ThrowExceptionAndWarning(TdsParserStateObject stateObj, Boolean callerHasConnectionLock, Boolean asyncClose)
   at System.Data.SqlClient.TdsParser.TryRun(RunBehavior runBehavior, SqlCommand cmdHandler, SqlDataReader dataStream, BulkCopySimpleResultSet bulkCopyHandler, TdsParserStateObject stateObj, Boolean& dataReady)
   at System.Data.SqlClient.SqlDataReader.TryHasMoreRows(Boolean& moreRows)
   at System.Data.SqlClient.SqlDataReader.TryReadInternal(Boolean setTimeout, Boolean& more)
   at System.Data.SqlClient.SqlDataReader.Read()
   at System.Data.Common.DataAdapter.FillLoadDataRow(SchemaMapping mapping)
   at System.Data.Common.DataAdapter.FillFromReader(DataSet dataset, DataTable datatable, String srcTable, DataReaderContainer dataReader, Int32 startRecord, Int32 maxRecords, DataColumn parentChapterColumn, Object parentChapterValue)
   at System.Data.Common.DataAdapter.Fill(DataSet dataSet, String srcTable, IDataReader dataReader, Int32 startRecord, Int32 maxRecords)
   at System.Data.Common.DbDataAdapter.FillInternal(DataSet dataset, DataTable[] datatables, Int32 startRecord, Int32 maxRecords, String srcTable, IDbCommand command, CommandBehavior behavior)
   at System.Data.Common.DbDataAdapter.Fill(DataSet dataSet, Int32 startRecord, Int32 maxRecords, String srcTable, IDbCommand command, CommandBehavior behavior)
   at System.Data.Common.DbDataAdapter.Fill(DataSet dataSet)
   at w2.Common.Sql.SqlAccessor.Select(SqlCommand sqlCommand) in c:\Users\ochiai\Documents\Visual Studio 2012\WebSites\w2.Common\Sql\SqlAccessor.cs:line 204
   at w2.Common.Sql.SqlStatement.SelectStatement(SqlAccessor sqlAccessor, IDictionary input) in c:\Users\ochiai\Documents\Visual Studio 2012\WebSites\w2.Common\Sql\SqlStatement.cs:line 369

[error] 2025年9月14日19:02:06　/Form/Forum/ForumTop.aspx   [::1] [Mozilla/5.0 (Windows NT 10.0; Win64; x64) AppleWebKit/537.36 (KHTML, like Gecko) Chrome/140.0.0.0 Safari/537.36]
-> c:\Users\romer\OneDrive\Documents\Visual Studio 2022\Projects\WebSites(RAUL_ROMERO)\RRP_Forum\Form\Forum\ForumTop.aspx.cs(39): error CS1002: ; expected
   at System.Web.Compilation.BuildManager.CompileWebFile(VirtualPath virtualPath)
   at System.Web.Compilation.BuildManager.GetVPathBuildResultInternal(VirtualPath virtualPath, Boolean noBuild, Boolean allowCrossApp, Boolean allowBuildInPrecompile, Boolean throwIfNotFound, Boolean ensureIsUpToDate)
   at System.Web.Compilation.BuildManager.GetVPathBuildResultWithNoAssert(HttpContext context, VirtualPath virtualPath, Boolean noBuild, Boolean allowCrossApp, Boolean allowBuildInPrecompile, Boolean throwIfNotFound, Boolean ensureIsUpToDate)
   at System.Web.Compilation.BuildManager.GetVirtualPathObjectFactory(VirtualPath virtualPath, HttpContext context, Boolean allowCrossApp, Boolean throwIfNotFound)
   at System.Web.Compilation.BuildManager.GetVirtualPathObjectFactory(VirtualPath virtualPath, HttpContext context, Boolean allowCrossApp)
   at System.Web.Compilation.BuildManager.CreateInstanceFromVirtualPath(VirtualPath virtualPath, Type requiredBaseType, HttpContext context, Boolean allowCrossApp)
   at System.Web.UI.PageHandlerFactory.GetHandlerHelper(HttpContext context, String requestType, VirtualPath virtualPath, String physicalPath)
   at System.Web.UI.PageHandlerFactory.GetHandler(HttpContext context, String requestType, String virtualPath, String path)
   at System.Web.HttpApplication.MaterializeHandlerExecutionStep.System.Web.HttpApplication.IExecutionStep.Execute()
   at System.Web.HttpApplication.ExecuteStepImpl(IExecutionStep step)
   at System.Web.HttpApplication.ExecuteStep(IExecutionStep step, Boolean& completedSynchronously)

