[error] 2025年9月13日08:09:29　/Form/Forum/ForumSample.aspx   [::1] [Mozilla/5.0 (Windows NT 10.0; Win64; x64) AppleWebKit/537.36 (KHTML, like Gecko) Chrome/140.0.0.0 Safari/537.36]
-> c:\Users\romer\OneDrive\Documents\Visual Studio 2022\Projects\WebSites(RAUL_ROMERO)\RRP_Forum\Form\Forum\ForumSample.aspx(17): error CS1061: 'ASP.form_forum_forumsample_aspx' does not contain a definition for 'btnRefresh_Click' and no extension method 'btnRefresh_Click' accepting a first argument of type 'ASP.form_forum_forumsample_aspx' could be found (are you missing a using directive or an assembly reference?)
   at System.Web.Compilation.BuildManager.CompileWebFile(VirtualPath virtualPath)
   at System.Web.Compilation.BuildManager.GetVPathBuildResultInternal(VirtualPath virtualPath, Boolean noBuild, Boolean allowCrossApp, Boolean allowBuildInPrecompile, Boolean throwIfNotFound, Boolean ensureIsUpToDate)
   at System.Web.Compilation.BuildManager.GetVPathBuildResultWithNoAssert(HttpContext context, VirtualPath virtualPath, Boolean noBuild, Boolean allowCrossApp, Boolean allowBuildInPrecompile, Boolean throwIfNotFound, Boolean ensureIsUpToDate)
   at System.Web.Compilation.BuildManager.GetVirtualPathObjectFactory(VirtualPath virtualPath, HttpContext context, Boolean allowCrossApp, Boolean throwIfNotFound)
   at System.Web.Compilation.BuildManager.CreateInstanceFromVirtualPath(VirtualPath virtualPath, Type requiredBaseType, HttpContext context, Boolean allowCrossApp)
   at System.Web.UI.PageHandlerFactory.GetHandlerHelper(HttpContext context, String requestType, VirtualPath virtualPath, String physicalPath)
   at System.Web.HttpApplication.MaterializeHandlerExecutionStep.System.Web.HttpApplication.IExecutionStep.Execute()
   at System.Web.HttpApplication.ExecuteStepImpl(IExecutionStep step)
   at System.Web.HttpApplication.ExecuteStep(IExecutionStep step, Boolean& completedSynchronously)

[error] 2025年9月13日08:12:05　/Form/Forum/Forum.aspx   [::1] [Mozilla/5.0 (Windows NT 10.0; Win64; x64) AppleWebKit/537.36 (KHTML, like Gecko) Chrome/140.0.0.0 Safari/537.36]
-> The file '/Form/Forum/Forum.aspx' does not exist.
   at System.Web.UI.Util.CheckVirtualFileExists(VirtualPath virtualPath)
   at System.Web.Compilation.BuildManager.GetVPathBuildResultInternal(VirtualPath virtualPath, Boolean noBuild, Boolean allowCrossApp, Boolean allowBuildInPrecompile, Boolean throwIfNotFound, Boolean ensureIsUpToDate)
   at System.Web.Compilation.BuildManager.GetVPathBuildResultWithNoAssert(HttpContext context, VirtualPath virtualPath, Boolean noBuild, Boolean allowCrossApp, Boolean allowBuildInPrecompile, Boolean throwIfNotFound, Boolean ensureIsUpToDate)
   at System.Web.Compilation.BuildManager.GetVirtualPathObjectFactory(VirtualPath virtualPath, HttpContext context, Boolean allowCrossApp, Boolean throwIfNotFound)
   at System.Web.Compilation.BuildManager.CreateInstanceFromVirtualPath(VirtualPath virtualPath, Type requiredBaseType, HttpContext context, Boolean allowCrossApp)
   at System.Web.UI.PageHandlerFactory.GetHandlerHelper(HttpContext context, String requestType, VirtualPath virtualPath, String physicalPath)
   at System.Web.HttpApplication.MaterializeHandlerExecutionStep.System.Web.HttpApplication.IExecutionStep.Execute()
   at System.Web.HttpApplication.ExecuteStepImpl(IExecutionStep step)
   at System.Web.HttpApplication.ExecuteStep(IExecutionStep step, Boolean& completedSynchronously)

[error] 2025年9月13日08:12:12　/Form/Forum/ForumSample.aspx   [::1] [Mozilla/5.0 (Windows NT 10.0; Win64; x64) AppleWebKit/537.36 (KHTML, like Gecko) Chrome/140.0.0.0 Safari/537.36]
-> c:\Users\romer\OneDrive\Documents\Visual Studio 2022\Projects\WebSites(RAUL_ROMERO)\RRP_Forum\Form\Forum\ForumSample.aspx(20): error CS1061: 'ASP.form_forum_forumsample_aspx' does not contain a definition for 'lvPosts_PagePropertiesChanging' and no extension method 'lvPosts_PagePropertiesChanging' accepting a first argument of type 'ASP.form_forum_forumsample_aspx' could be found (are you missing a using directive or an assembly reference?)
   at System.Web.Compilation.BuildManager.CompileWebFile(VirtualPath virtualPath)
   at System.Web.Compilation.BuildManager.GetVPathBuildResultInternal(VirtualPath virtualPath, Boolean noBuild, Boolean allowCrossApp, Boolean allowBuildInPrecompile, Boolean throwIfNotFound, Boolean ensureIsUpToDate)
   at System.Web.Compilation.BuildManager.GetVPathBuildResultWithNoAssert(HttpContext context, VirtualPath virtualPath, Boolean noBuild, Boolean allowCrossApp, Boolean allowBuildInPrecompile, Boolean throwIfNotFound, Boolean ensureIsUpToDate)
   at System.Web.Compilation.BuildManager.GetVirtualPathObjectFactory(VirtualPath virtualPath, HttpContext context, Boolean allowCrossApp, Boolean throwIfNotFound)
   at System.Web.Compilation.BuildManager.CreateInstanceFromVirtualPath(VirtualPath virtualPath, Type requiredBaseType, HttpContext context, Boolean allowCrossApp)
   at System.Web.UI.PageHandlerFactory.GetHandlerHelper(HttpContext context, String requestType, VirtualPath virtualPath, String physicalPath)
   at System.Web.HttpApplication.MaterializeHandlerExecutionStep.System.Web.HttpApplication.IExecutionStep.Execute()
   at System.Web.HttpApplication.ExecuteStepImpl(IExecutionStep step)
   at System.Web.HttpApplication.ExecuteStep(IExecutionStep step, Boolean& completedSynchronously)

[error] 2025年9月13日08:35:35　/Form/Forum/ForumSample.aspx   [::1] [Mozilla/5.0 (Windows NT 10.0; Win64; x64) AppleWebKit/537.36 (KHTML, like Gecko) Chrome/140.0.0.0 Safari/537.36]
-> Exception of type 'System.Web.HttpUnhandledException' was thrown.
   at System.Web.UI.Page.HandleError(Exception e)
   at System.Web.UI.Page.ProcessRequestMain(Boolean includeStagesBeforeAsyncPoint, Boolean includeStagesAfterAsyncPoint)
   at System.Web.UI.Page.ProcessRequest(Boolean includeStagesBeforeAsyncPoint, Boolean includeStagesAfterAsyncPoint)
   at System.Web.UI.Page.ProcessRequest()
   at System.Web.UI.Page.ProcessRequest(HttpContext context)
   at ASP.form_forum_forumsample_aspx.ProcessRequest(HttpContext context) in c:\Users\romer\AppData\Local\Temp\Temporary ASP.NET Files\vs\b3d61826\4e34d6ee\App_Web_mwtr21no.2.cs:line 0
   at System.Web.HttpApplication.CallHandlerExecutionStep.System.Web.HttpApplication.IExecutionStep.Execute()
   at System.Web.HttpApplication.ExecuteStepImpl(IExecutionStep step)
   at System.Web.HttpApplication.ExecuteStep(IExecutionStep step, Boolean& completedSynchronously)
-> Could not find stored procedure 'SP_GetPagedMCCTInwardData'.
   at System.Data.SqlClient.SqlConnection.OnError(SqlException exception, Boolean breakConnection, Action`1 wrapCloseInAction)
   at System.Data.SqlClient.TdsParser.ThrowExceptionAndWarning(TdsParserStateObject stateObj, Boolean callerHasConnectionLock, Boolean asyncClose)
   at System.Data.SqlClient.TdsParser.TryRun(RunBehavior runBehavior, SqlCommand cmdHandler, SqlDataReader dataStream, BulkCopySimpleResultSet bulkCopyHandler, TdsParserStateObject stateObj, Boolean& dataReady)
   at System.Data.SqlClient.SqlDataReader.TryConsumeMetaData()
   at System.Data.SqlClient.SqlDataReader.get_MetaData()
   at System.Data.SqlClient.SqlCommand.FinishExecuteReader(SqlDataReader ds, RunBehavior runBehavior, String resetOptionsString, Boolean isInternal, Boolean forDescribeParameterEncryption, Boolean shouldCacheForAlwaysEncrypted)
   at System.Data.SqlClient.SqlCommand.RunExecuteReaderTds(CommandBehavior cmdBehavior, RunBehavior runBehavior, Boolean returnStream, Boolean async, Int32 timeout, Task& task, Boolean asyncWrite, Boolean inRetry, SqlDataReader ds, Boolean describeParameterEncryptionRequest)
   at System.Data.SqlClient.SqlCommand.RunExecuteReader(CommandBehavior cmdBehavior, RunBehavior runBehavior, Boolean returnStream, String method, TaskCompletionSource`1 completion, Int32 timeout, Task& task, Boolean& usedCache, Boolean asyncWrite, Boolean inRetry)
   at System.Data.SqlClient.SqlCommand.RunExecuteReader(CommandBehavior cmdBehavior, RunBehavior runBehavior, Boolean returnStream, String method)
   at System.Data.SqlClient.SqlCommand.ExecuteReader(CommandBehavior behavior, String method)
   at System.Data.Common.DbDataAdapter.FillInternal(DataSet dataset, DataTable[] datatables, Int32 startRecord, Int32 maxRecords, String srcTable, IDbCommand command, CommandBehavior behavior)
   at System.Data.Common.DbDataAdapter.Fill(DataTable[] dataTables, Int32 startRecord, Int32 maxRecords, IDbCommand command, CommandBehavior behavior)
   at System.Data.Common.DbDataAdapter.Fill(DataTable dataTable)
   at Form_Forum_ForumSample.BindData() in c:\Users\romer\OneDrive\Documents\Visual Studio 2022\Projects\WebSites(RAUL_ROMERO)\RRP_Forum\Form\Forum\ForumSample.aspx.cs:line 67
   at Form_Forum_ForumSample.Page_Load(Object sender, EventArgs e) in c:\Users\romer\OneDrive\Documents\Visual Studio 2022\Projects\WebSites(RAUL_ROMERO)\RRP_Forum\Form\Forum\ForumSample.aspx.cs:line 26
   at System.Web.UI.Control.OnLoad(EventArgs e)
   at System.Web.UI.Control.LoadRecursive()
   at System.Web.UI.Page.ProcessRequestMain(Boolean includeStagesBeforeAsyncPoint, Boolean includeStagesAfterAsyncPoint)

[error] 2025年9月13日08:36:27　/Form/Forum/ForumSample.aspx   [::1] [Mozilla/5.0 (Windows NT 10.0; Win64; x64) AppleWebKit/537.36 (KHTML, like Gecko) Chrome/140.0.0.0 Safari/537.36]
-> Could not load type 'Form_Forum_ForumSample'.
   at System.Web.UI.TemplateParser.ParseString(String text, VirtualPath virtualPath, Encoding fileEncoding)
   at System.Web.UI.TemplateParser.ParseFile(String physicalPath, VirtualPath virtualPath)
   at System.Web.UI.TemplateParser.ParseInternal()
   at System.Web.UI.TemplateParser.Parse()
   at System.Web.Compilation.BaseTemplateBuildProvider.get_CodeCompilerType()
   at System.Web.Compilation.BuildProvider.GetCompilerTypeFromBuildProvider(BuildProvider buildProvider)
   at System.Web.Compilation.BuildProvidersCompiler.ProcessBuildProviders()
   at System.Web.Compilation.BuildProvidersCompiler.PerformBuild()
   at System.Web.Compilation.BuildManager.CompileWebFile(VirtualPath virtualPath)
   at System.Web.Compilation.BuildManager.GetVPathBuildResultInternal(VirtualPath virtualPath, Boolean noBuild, Boolean allowCrossApp, Boolean allowBuildInPrecompile, Boolean throwIfNotFound, Boolean ensureIsUpToDate)
   at System.Web.Compilation.BuildManager.GetVPathBuildResultWithNoAssert(HttpContext context, VirtualPath virtualPath, Boolean noBuild, Boolean allowCrossApp, Boolean allowBuildInPrecompile, Boolean throwIfNotFound, Boolean ensureIsUpToDate)
   at System.Web.Compilation.BuildManager.GetVirtualPathObjectFactory(VirtualPath virtualPath, HttpContext context, Boolean allowCrossApp, Boolean throwIfNotFound)
   at System.Web.Compilation.BuildManager.CreateInstanceFromVirtualPath(VirtualPath virtualPath, Type requiredBaseType, HttpContext context, Boolean allowCrossApp)
   at System.Web.UI.PageHandlerFactory.GetHandlerHelper(HttpContext context, String requestType, VirtualPath virtualPath, String physicalPath)
   at System.Web.HttpApplication.MaterializeHandlerExecutionStep.System.Web.HttpApplication.IExecutionStep.Execute()
   at System.Web.HttpApplication.ExecuteStepImpl(IExecutionStep step)
   at System.Web.HttpApplication.ExecuteStep(IExecutionStep step, Boolean& completedSynchronously)
-> Could not load type 'Form_Forum_ForumSample'.
   at System.Web.UI.TemplateParser.ProcessException(Exception ex)
   at System.Web.UI.TemplateParser.ParseStringInternal(String text, Encoding fileEncoding)
   at System.Web.UI.TemplateParser.ParseString(String text, VirtualPath virtualPath, Encoding fileEncoding)
-> Could not load type 'Form_Forum_ForumSample'.
   at System.Web.UI.TemplateParser.GetType(String typeName, Boolean ignoreCase, Boolean throwOnError)
   at System.Web.UI.TemplateParser.ProcessInheritsAttribute(String baseTypeName, String codeFileBaseTypeName, String src, Assembly assembly)
   at System.Web.UI.TemplateParser.PostProcessMainDirectiveAttributes(IDictionary parseData)

[error] 2025年9月13日08:36:48　/Form/Forum/ForumSample.aspx   [::1] [Mozilla/5.0 (Windows NT 10.0; Win64; x64) AppleWebKit/537.36 (KHTML, like Gecko) Chrome/140.0.0.0 Safari/537.36]
-> Exception of type 'System.Web.HttpUnhandledException' was thrown.
   at System.Web.UI.Page.HandleError(Exception e)
   at System.Web.UI.Page.ProcessRequestMain(Boolean includeStagesBeforeAsyncPoint, Boolean includeStagesAfterAsyncPoint)
   at System.Web.UI.Page.ProcessRequest(Boolean includeStagesBeforeAsyncPoint, Boolean includeStagesAfterAsyncPoint)
   at System.Web.UI.Page.ProcessRequest()
   at System.Web.UI.Page.ProcessRequest(HttpContext context)
   at ASP.form_forum_forumsample_aspx.ProcessRequest(HttpContext context) in c:\Users\romer\AppData\Local\Temp\Temporary ASP.NET Files\vs\b3d61826\4e34d6ee\App_Web_25lcqks5.0.cs:line 0
   at System.Web.HttpApplication.CallHandlerExecutionStep.System.Web.HttpApplication.IExecutionStep.Execute()
   at System.Web.HttpApplication.ExecuteStepImpl(IExecutionStep step)
   at System.Web.HttpApplication.ExecuteStep(IExecutionStep step, Boolean& completedSynchronously)
-> Could not find stored procedure 'SP_GetPagedMCCTInwardData'.
   at System.Data.SqlClient.SqlConnection.OnError(SqlException exception, Boolean breakConnection, Action`1 wrapCloseInAction)
   at System.Data.SqlClient.TdsParser.ThrowExceptionAndWarning(TdsParserStateObject stateObj, Boolean callerHasConnectionLock, Boolean asyncClose)
   at System.Data.SqlClient.TdsParser.TryRun(RunBehavior runBehavior, SqlCommand cmdHandler, SqlDataReader dataStream, BulkCopySimpleResultSet bulkCopyHandler, TdsParserStateObject stateObj, Boolean& dataReady)
   at System.Data.SqlClient.SqlDataReader.TryConsumeMetaData()
   at System.Data.SqlClient.SqlDataReader.get_MetaData()
   at System.Data.SqlClient.SqlCommand.FinishExecuteReader(SqlDataReader ds, RunBehavior runBehavior, String resetOptionsString, Boolean isInternal, Boolean forDescribeParameterEncryption, Boolean shouldCacheForAlwaysEncrypted)
   at System.Data.SqlClient.SqlCommand.RunExecuteReaderTds(CommandBehavior cmdBehavior, RunBehavior runBehavior, Boolean returnStream, Boolean async, Int32 timeout, Task& task, Boolean asyncWrite, Boolean inRetry, SqlDataReader ds, Boolean describeParameterEncryptionRequest)
   at System.Data.SqlClient.SqlCommand.RunExecuteReader(CommandBehavior cmdBehavior, RunBehavior runBehavior, Boolean returnStream, String method, TaskCompletionSource`1 completion, Int32 timeout, Task& task, Boolean& usedCache, Boolean asyncWrite, Boolean inRetry)
   at System.Data.SqlClient.SqlCommand.RunExecuteReader(CommandBehavior cmdBehavior, RunBehavior runBehavior, Boolean returnStream, String method)
   at System.Data.SqlClient.SqlCommand.ExecuteReader(CommandBehavior behavior, String method)
   at System.Data.Common.DbDataAdapter.FillInternal(DataSet dataset, DataTable[] datatables, Int32 startRecord, Int32 maxRecords, String srcTable, IDbCommand command, CommandBehavior behavior)
   at System.Data.Common.DbDataAdapter.Fill(DataTable[] dataTables, Int32 startRecord, Int32 maxRecords, IDbCommand command, CommandBehavior behavior)
   at System.Data.Common.DbDataAdapter.Fill(DataTable dataTable)
   at Form_Forum_ForumSample.BindData() in c:\Users\romer\OneDrive\Documents\Visual Studio 2022\Projects\WebSites(RAUL_ROMERO)\RRP_Forum\Form\Forum\ForumSample.aspx.cs:line 67
   at Form_Forum_ForumSample.Page_Load(Object sender, EventArgs e) in c:\Users\romer\OneDrive\Documents\Visual Studio 2022\Projects\WebSites(RAUL_ROMERO)\RRP_Forum\Form\Forum\ForumSample.aspx.cs:line 26
   at System.Web.UI.Control.OnLoad(EventArgs e)
   at System.Web.UI.Control.LoadRecursive()
   at System.Web.UI.Page.ProcessRequestMain(Boolean includeStagesBeforeAsyncPoint, Boolean includeStagesAfterAsyncPoint)

[error] 2025年9月13日08:36:56　/Form/Forum/ForumSample.aspx   [::1] [Mozilla/5.0 (Windows NT 10.0; Win64; x64) AppleWebKit/537.36 (KHTML, like Gecko) Chrome/140.0.0.0 Safari/537.36]
-> Exception of type 'System.Web.HttpUnhandledException' was thrown.
   at System.Web.UI.Page.HandleError(Exception e)
   at System.Web.UI.Page.ProcessRequestMain(Boolean includeStagesBeforeAsyncPoint, Boolean includeStagesAfterAsyncPoint)
   at System.Web.UI.Page.ProcessRequest(Boolean includeStagesBeforeAsyncPoint, Boolean includeStagesAfterAsyncPoint)
   at System.Web.UI.Page.ProcessRequest()
   at System.Web.UI.Page.ProcessRequest(HttpContext context)
   at ASP.form_forum_forumsample_aspx.ProcessRequest(HttpContext context) in c:\Users\romer\AppData\Local\Temp\Temporary ASP.NET Files\vs\b3d61826\4e34d6ee\App_Web_zw1tanqs.0.cs:line 0
   at System.Web.HttpApplication.CallHandlerExecutionStep.System.Web.HttpApplication.IExecutionStep.Execute()
   at System.Web.HttpApplication.ExecuteStepImpl(IExecutionStep step)
   at System.Web.HttpApplication.ExecuteStep(IExecutionStep step, Boolean& completedSynchronously)
-> Control 'txtSearch' of type 'TextBox' must be placed inside a form tag with runat=server.
   at System.Web.UI.Page.VerifyRenderingInServerForm(Control control)
   at System.Web.UI.WebControls.TextBox.AddAttributesToRender(HtmlTextWriter writer)
   at System.Web.UI.WebControls.WebControl.RenderBeginTag(HtmlTextWriter writer)
   at System.Web.UI.WebControls.TextBox.Render(HtmlTextWriter writer)
   at System.Web.UI.Control.RenderControlInternal(HtmlTextWriter writer, ControlAdapter adapter)
   at System.Web.UI.Control.RenderChildrenInternal(HtmlTextWriter writer, ICollection children)
   at System.Web.UI.Page.Render(HtmlTextWriter writer)
   at System.Web.UI.Control.RenderControlInternal(HtmlTextWriter writer, ControlAdapter adapter)
   at System.Web.UI.Page.ProcessRequestMain(Boolean includeStagesBeforeAsyncPoint, Boolean includeStagesAfterAsyncPoint)

[error] 2025年9月13日08:38:04　/Form/Forum/ForumSample.aspx   [::1] [Mozilla/5.0 (Windows NT 10.0; Win64; x64) AppleWebKit/537.36 (KHTML, like Gecko) Chrome/140.0.0.0 Safari/537.36]
-> Exception of type 'System.Web.HttpUnhandledException' was thrown.
   at System.Web.UI.Page.HandleError(Exception e)
   at System.Web.UI.Page.ProcessRequestMain(Boolean includeStagesBeforeAsyncPoint, Boolean includeStagesAfterAsyncPoint)
   at System.Web.UI.Page.ProcessRequest(Boolean includeStagesBeforeAsyncPoint, Boolean includeStagesAfterAsyncPoint)
   at System.Web.UI.Page.ProcessRequest()
   at System.Web.UI.Page.ProcessRequest(HttpContext context)
   at ASP.form_forum_forumsample_aspx.ProcessRequest(HttpContext context) in c:\Users\romer\AppData\Local\Temp\Temporary ASP.NET Files\vs\b3d61826\4e34d6ee\App_Web_h4pbh2za.0.cs:line 0
   at System.Web.HttpApplication.CallHandlerExecutionStep.System.Web.HttpApplication.IExecutionStep.Execute()
   at System.Web.HttpApplication.ExecuteStepImpl(IExecutionStep step)
   at System.Web.HttpApplication.ExecuteStep(IExecutionStep step, Boolean& completedSynchronously)
-> Control 'txtSearch' of type 'TextBox' must be placed inside a form tag with runat=server.
   at System.Web.UI.Page.VerifyRenderingInServerForm(Control control)
   at System.Web.UI.WebControls.TextBox.AddAttributesToRender(HtmlTextWriter writer)
   at System.Web.UI.WebControls.WebControl.RenderBeginTag(HtmlTextWriter writer)
   at System.Web.UI.WebControls.TextBox.Render(HtmlTextWriter writer)
   at System.Web.UI.Control.RenderControlInternal(HtmlTextWriter writer, ControlAdapter adapter)
   at System.Web.UI.Control.RenderChildrenInternal(HtmlTextWriter writer, ICollection children)
   at System.Web.UI.Page.Render(HtmlTextWriter writer)
   at System.Web.UI.Control.RenderControlInternal(HtmlTextWriter writer, ControlAdapter adapter)
   at System.Web.UI.Page.ProcessRequestMain(Boolean includeStagesBeforeAsyncPoint, Boolean includeStagesAfterAsyncPoint)

[error] 2025年9月13日08:38:19　/Form/Forum/ForumSample.aspx   [::1] [Mozilla/5.0 (Windows NT 10.0; Win64; x64) AppleWebKit/537.36 (KHTML, like Gecko) Chrome/140.0.0.0 Safari/537.36]
-> Exception of type 'System.Web.HttpUnhandledException' was thrown.
   at System.Web.UI.Page.HandleError(Exception e)
   at System.Web.UI.Page.ProcessRequestMain(Boolean includeStagesBeforeAsyncPoint, Boolean includeStagesAfterAsyncPoint)
   at System.Web.UI.Page.ProcessRequest(Boolean includeStagesBeforeAsyncPoint, Boolean includeStagesAfterAsyncPoint)
   at System.Web.UI.Page.ProcessRequest()
   at System.Web.UI.Page.ProcessRequest(HttpContext context)
   at ASP.form_forum_forumsample_aspx.ProcessRequest(HttpContext context) in c:\Users\romer\AppData\Local\Temp\Temporary ASP.NET Files\vs\b3d61826\4e34d6ee\App_Web_h4pbh2za.0.cs:line 0
   at System.Web.HttpApplication.CallHandlerExecutionStep.System.Web.HttpApplication.IExecutionStep.Execute()
   at System.Web.HttpApplication.ExecuteStepImpl(IExecutionStep step)
   at System.Web.HttpApplication.ExecuteStep(IExecutionStep step, Boolean& completedSynchronously)
-> Control 'txtSearch' of type 'TextBox' must be placed inside a form tag with runat=server.
   at System.Web.UI.Page.VerifyRenderingInServerForm(Control control)
   at System.Web.UI.WebControls.TextBox.AddAttributesToRender(HtmlTextWriter writer)
   at System.Web.UI.WebControls.WebControl.RenderBeginTag(HtmlTextWriter writer)
   at System.Web.UI.WebControls.TextBox.Render(HtmlTextWriter writer)
   at System.Web.UI.Control.RenderControlInternal(HtmlTextWriter writer, ControlAdapter adapter)
   at System.Web.UI.Control.RenderChildrenInternal(HtmlTextWriter writer, ICollection children)
   at System.Web.UI.Page.Render(HtmlTextWriter writer)
   at System.Web.UI.Control.RenderControlInternal(HtmlTextWriter writer, ControlAdapter adapter)
   at System.Web.UI.Page.ProcessRequestMain(Boolean includeStagesBeforeAsyncPoint, Boolean includeStagesAfterAsyncPoint)

[error] 2025年9月13日09:37:58　/Form/Forum/ForumTop.aspx   [::1] [Mozilla/5.0 (Windows NT 10.0; Win64; x64) AppleWebKit/537.36 (KHTML, like Gecko) Chrome/140.0.0.0 Safari/537.36]
-> Exception of type 'System.Web.HttpUnhandledException' was thrown.
   at System.Web.UI.Page.HandleError(Exception e)
   at System.Web.UI.Page.ProcessRequestMain(Boolean includeStagesBeforeAsyncPoint, Boolean includeStagesAfterAsyncPoint)
   at System.Web.UI.Page.ProcessRequest(Boolean includeStagesBeforeAsyncPoint, Boolean includeStagesAfterAsyncPoint)
   at System.Web.UI.Page.ProcessRequest()
   at System.Web.UI.Page.ProcessRequest(HttpContext context)
   at ASP.form_forum_forumtop_aspx.ProcessRequest(HttpContext context) in c:\Users\romer\AppData\Local\Temp\Temporary ASP.NET Files\vs\b3d61826\4e34d6ee\App_Web_ajn3hqh1.2.cs:line 0
   at System.Web.HttpApplication.CallHandlerExecutionStep.System.Web.HttpApplication.IExecutionStep.Execute()
   at System.Web.HttpApplication.ExecuteStepImpl(IExecutionStep step)
   at System.Web.HttpApplication.ExecuteStep(IExecutionStep step, Boolean& completedSynchronously)
-> Specified cast is not valid.
   at Form_Forum_ForumTop.btnPost_Click(Object sender, EventArgs e) in c:\Users\romer\OneDrive\Documents\Visual Studio 2022\Projects\WebSites(RAUL_ROMERO)\RRP_Forum\Form\Forum\ForumTop.aspx.cs:line 38
   at System.Web.UI.WebControls.Button.OnClick(EventArgs e)
   at System.Web.UI.WebControls.Button.RaisePostBackEvent(String eventArgument)
   at System.Web.UI.Page.ProcessRequestMain(Boolean includeStagesBeforeAsyncPoint, Boolean includeStagesAfterAsyncPoint)

[error] 2025年9月13日09:41:29　/Form/Forum/ForumTop.aspx   [::1] [Mozilla/5.0 (Windows NT 10.0; Win64; x64) AppleWebKit/537.36 (KHTML, like Gecko) Chrome/140.0.0.0 Safari/537.36]
-> Exception of type 'System.Web.HttpUnhandledException' was thrown.
   at System.Web.UI.Page.HandleError(Exception e)
   at System.Web.UI.Page.ProcessRequestMain(Boolean includeStagesBeforeAsyncPoint, Boolean includeStagesAfterAsyncPoint)
   at System.Web.UI.Page.ProcessRequest(Boolean includeStagesBeforeAsyncPoint, Boolean includeStagesAfterAsyncPoint)
   at System.Web.UI.Page.ProcessRequest()
   at System.Web.UI.Page.ProcessRequest(HttpContext context)
   at ASP.form_forum_forumtop_aspx.ProcessRequest(HttpContext context) in c:\Users\romer\AppData\Local\Temp\Temporary ASP.NET Files\vs\b3d61826\4e34d6ee\App_Web_djycq4aj.2.cs:line 0
   at System.Web.HttpApplication.CallHandlerExecutionStep.System.Web.HttpApplication.IExecutionStep.Execute()
   at System.Web.HttpApplication.ExecuteStepImpl(IExecutionStep step)
   at System.Web.HttpApplication.ExecuteStep(IExecutionStep step, Boolean& completedSynchronously)
-> Unable to find control with id 'lnkPageNumber' that is associated with the Label 'lPageNumber'.
   at System.Web.UI.WebControls.Label.AddAttributesToRender(HtmlTextWriter writer)
   at System.Web.UI.WebControls.WebControl.RenderBeginTag(HtmlTextWriter writer)
   at System.Web.UI.WebControls.WebControl.Render(HtmlTextWriter writer)
   at System.Web.UI.Control.RenderControlInternal(HtmlTextWriter writer, ControlAdapter adapter)
   at System.Web.UI.Control.RenderChildrenInternal(HtmlTextWriter writer, ICollection children)
   at System.Web.UI.Control.RenderControlInternal(HtmlTextWriter writer, ControlAdapter adapter)
   at ASP.site_master.__Renderform(HtmlTextWriter __w, Control parameterContainer) in c:\Users\romer\OneDrive\Documents\Visual Studio 2022\Projects\WebSites(RAUL_ROMERO)\RRP_Forum\Site.master:line 28
   at System.Web.UI.Control.RenderChildrenInternal(HtmlTextWriter writer, ICollection children)
   at System.Web.UI.HtmlControls.HtmlForm.RenderChildren(HtmlTextWriter writer)
   at System.Web.UI.HtmlControls.HtmlContainerControl.Render(HtmlTextWriter writer)
   at System.Web.UI.Control.RenderControlInternal(HtmlTextWriter writer, ControlAdapter adapter)
   at System.Web.UI.HtmlControls.HtmlForm.RenderControl(HtmlTextWriter writer)
   at System.Web.UI.Control.RenderChildrenInternal(HtmlTextWriter writer, ICollection children)
   at System.Web.UI.Control.RenderControlInternal(HtmlTextWriter writer, ControlAdapter adapter)
   at System.Web.UI.Control.RenderChildrenInternal(HtmlTextWriter writer, ICollection children)
   at System.Web.UI.Page.Render(HtmlTextWriter writer)
   at System.Web.UI.Control.RenderControlInternal(HtmlTextWriter writer, ControlAdapter adapter)
   at System.Web.UI.Page.ProcessRequestMain(Boolean includeStagesBeforeAsyncPoint, Boolean includeStagesAfterAsyncPoint)

[error] 2025年9月13日09:42:16　/Form/Forum/ForumTop.aspx   [::1] [Mozilla/5.0 (Windows NT 10.0; Win64; x64) AppleWebKit/537.36 (KHTML, like Gecko) Chrome/140.0.0.0 Safari/537.36]
-> Exception of type 'System.Web.HttpUnhandledException' was thrown.
   at System.Web.UI.Page.HandleError(Exception e)
   at System.Web.UI.Page.ProcessRequestMain(Boolean includeStagesBeforeAsyncPoint, Boolean includeStagesAfterAsyncPoint)
   at System.Web.UI.Page.ProcessRequest(Boolean includeStagesBeforeAsyncPoint, Boolean includeStagesAfterAsyncPoint)
   at System.Web.UI.Page.ProcessRequest()
   at System.Web.UI.Page.ProcessRequest(HttpContext context)
   at ASP.form_forum_forumtop_aspx.ProcessRequest(HttpContext context) in c:\Users\romer\AppData\Local\Temp\Temporary ASP.NET Files\vs\b3d61826\4e34d6ee\App_Web_djycq4aj.2.cs:line 0
   at System.Web.HttpApplication.CallHandlerExecutionStep.System.Web.HttpApplication.IExecutionStep.Execute()
   at System.Web.HttpApplication.ExecuteStepImpl(IExecutionStep step)
   at System.Web.HttpApplication.ExecuteStep(IExecutionStep step, Boolean& completedSynchronously)
-> Unable to find control with id 'lnkPageNumber' that is associated with the Label 'lPageNumber'.
   at System.Web.UI.WebControls.Label.AddAttributesToRender(HtmlTextWriter writer)
   at System.Web.UI.WebControls.WebControl.RenderBeginTag(HtmlTextWriter writer)
   at System.Web.UI.WebControls.WebControl.Render(HtmlTextWriter writer)
   at System.Web.UI.Control.RenderControlInternal(HtmlTextWriter writer, ControlAdapter adapter)
   at System.Web.UI.Control.RenderChildrenInternal(HtmlTextWriter writer, ICollection children)
   at System.Web.UI.Control.RenderControlInternal(HtmlTextWriter writer, ControlAdapter adapter)
   at ASP.site_master.__Renderform(HtmlTextWriter __w, Control parameterContainer) in c:\Users\romer\OneDrive\Documents\Visual Studio 2022\Projects\WebSites(RAUL_ROMERO)\RRP_Forum\Site.master:line 28
   at System.Web.UI.Control.RenderChildrenInternal(HtmlTextWriter writer, ICollection children)
   at System.Web.UI.HtmlControls.HtmlForm.RenderChildren(HtmlTextWriter writer)
   at System.Web.UI.HtmlControls.HtmlContainerControl.Render(HtmlTextWriter writer)
   at System.Web.UI.Control.RenderControlInternal(HtmlTextWriter writer, ControlAdapter adapter)
   at System.Web.UI.HtmlControls.HtmlForm.RenderControl(HtmlTextWriter writer)
   at System.Web.UI.Control.RenderChildrenInternal(HtmlTextWriter writer, ICollection children)
   at System.Web.UI.Control.RenderControlInternal(HtmlTextWriter writer, ControlAdapter adapter)
   at System.Web.UI.Control.RenderChildrenInternal(HtmlTextWriter writer, ICollection children)
   at System.Web.UI.Page.Render(HtmlTextWriter writer)
   at System.Web.UI.Control.RenderControlInternal(HtmlTextWriter writer, ControlAdapter adapter)
   at System.Web.UI.Page.ProcessRequestMain(Boolean includeStagesBeforeAsyncPoint, Boolean includeStagesAfterAsyncPoint)

[error] 2025年9月13日09:48:08　/Form/Forum/ForumTop.aspx   [::1] [Mozilla/5.0 (Windows NT 10.0; Win64; x64) AppleWebKit/537.36 (KHTML, like Gecko) Chrome/140.0.0.0 Safari/537.36]
-> Exception of type 'System.Web.HttpUnhandledException' was thrown.
   at System.Web.UI.Page.HandleError(Exception e)
   at System.Web.UI.Page.ProcessRequestMain(Boolean includeStagesBeforeAsyncPoint, Boolean includeStagesAfterAsyncPoint)
   at System.Web.UI.Page.ProcessRequest(Boolean includeStagesBeforeAsyncPoint, Boolean includeStagesAfterAsyncPoint)
   at System.Web.UI.Page.ProcessRequest()
   at System.Web.UI.Page.ProcessRequest(HttpContext context)
   at ASP.form_forum_forumtop_aspx.ProcessRequest(HttpContext context) in c:\Users\romer\AppData\Local\Temp\Temporary ASP.NET Files\vs\b3d61826\4e34d6ee\App_Web_yvfcwvra.2.cs:line 0
   at System.Web.HttpApplication.CallHandlerExecutionStep.System.Web.HttpApplication.IExecutionStep.Execute()
   at System.Web.HttpApplication.ExecuteStepImpl(IExecutionStep step)
   at System.Web.HttpApplication.ExecuteStep(IExecutionStep step, Boolean& completedSynchronously)
-> A field or property with the name 'name' was not found on the selected data source.
   at System.Web.UI.WebControls.BoundField.TryGetSimplePropertyValue(Object dataItem, Object& data)
   at System.Web.UI.WebControls.BoundField.GetValue(Control controlContainer)
   at System.Web.UI.WebControls.BoundField.OnDataBindField(Object sender, EventArgs e)
   at System.Web.UI.Control.OnDataBinding(EventArgs e)
   at System.Web.UI.Control.DataBind(Boolean raiseOnDataBinding)
   at System.Web.UI.Control.DataBind()
   at System.Web.UI.Control.DataBindChildren()
   at System.Web.UI.Control.DataBind(Boolean raiseOnDataBinding)
   at System.Web.UI.Control.DataBind()
   at System.Web.UI.WebControls.GridView.CreateRow(Int32 rowIndex, Int32 dataSourceIndex, DataControlRowType rowType, DataControlRowState rowState, Boolean dataBind, Object dataItem, DataControlField[] fields, TableRowCollection rows, PagedDataSource pagedDataSource)
   at System.Web.UI.WebControls.GridView.CreateChildControls(IEnumerable dataSource, Boolean dataBinding)
   at System.Web.UI.WebControls.CompositeDataBoundControl.PerformDataBinding(IEnumerable data)
   at System.Web.UI.WebControls.GridView.PerformDataBinding(IEnumerable data)
   at System.Web.UI.WebControls.DataBoundControl.OnDataSourceViewSelectCallback(IEnumerable data)
   at Form_Forum_ForumTop.Page_Load(Object sender, EventArgs e) in c:\Users\romer\OneDrive\Documents\Visual Studio 2022\Projects\WebSites(RAUL_ROMERO)\RRP_Forum\Form\Forum\ForumTop.aspx.cs:line 35
   at System.Web.UI.Control.OnLoad(EventArgs e)
   at System.Web.UI.Control.LoadRecursive()
   at System.Web.UI.Page.ProcessRequestMain(Boolean includeStagesBeforeAsyncPoint, Boolean includeStagesAfterAsyncPoint)

[error] 2025年9月13日09:50:39　/Form/Forum/ForumTop.aspx   [::1] [Mozilla/5.0 (Windows NT 10.0; Win64; x64) AppleWebKit/537.36 (KHTML, like Gecko) Chrome/140.0.0.0 Safari/537.36]
-> Exception of type 'System.Web.HttpUnhandledException' was thrown.
   at System.Web.UI.Page.HandleError(Exception e)
   at System.Web.UI.Page.ProcessRequestMain(Boolean includeStagesBeforeAsyncPoint, Boolean includeStagesAfterAsyncPoint)
   at System.Web.UI.Page.ProcessRequest(Boolean includeStagesBeforeAsyncPoint, Boolean includeStagesAfterAsyncPoint)
   at System.Web.UI.Page.ProcessRequest()
   at System.Web.UI.Page.ProcessRequest(HttpContext context)
   at ASP.form_forum_forumtop_aspx.ProcessRequest(HttpContext context) in c:\Users\romer\AppData\Local\Temp\Temporary ASP.NET Files\vs\b3d61826\4e34d6ee\App_Web_yvfcwvra.2.cs:line 0
   at System.Web.HttpApplication.CallHandlerExecutionStep.System.Web.HttpApplication.IExecutionStep.Execute()
   at System.Web.HttpApplication.ExecuteStepImpl(IExecutionStep step)
   at System.Web.HttpApplication.ExecuteStep(IExecutionStep step, Boolean& completedSynchronously)
-> A field or property with the name 'name' was not found on the selected data source.
   at System.Web.UI.WebControls.BoundField.TryGetSimplePropertyValue(Object dataItem, Object& data)
   at System.Web.UI.WebControls.BoundField.GetValue(Control controlContainer)
   at System.Web.UI.WebControls.BoundField.OnDataBindField(Object sender, EventArgs e)
   at System.Web.UI.Control.OnDataBinding(EventArgs e)
   at System.Web.UI.Control.DataBind(Boolean raiseOnDataBinding)
   at System.Web.UI.Control.DataBind()
   at System.Web.UI.Control.DataBindChildren()
   at System.Web.UI.Control.DataBind(Boolean raiseOnDataBinding)
   at System.Web.UI.Control.DataBind()
   at System.Web.UI.WebControls.GridView.CreateRow(Int32 rowIndex, Int32 dataSourceIndex, DataControlRowType rowType, DataControlRowState rowState, Boolean dataBind, Object dataItem, DataControlField[] fields, TableRowCollection rows, PagedDataSource pagedDataSource)
   at System.Web.UI.WebControls.GridView.CreateChildControls(IEnumerable dataSource, Boolean dataBinding)
   at System.Web.UI.WebControls.CompositeDataBoundControl.PerformDataBinding(IEnumerable data)
   at System.Web.UI.WebControls.GridView.PerformDataBinding(IEnumerable data)
   at System.Web.UI.WebControls.DataBoundControl.OnDataSourceViewSelectCallback(IEnumerable data)
   at Form_Forum_ForumTop.Page_Load(Object sender, EventArgs e) in c:\Users\romer\OneDrive\Documents\Visual Studio 2022\Projects\WebSites(RAUL_ROMERO)\RRP_Forum\Form\Forum\ForumTop.aspx.cs:line 35
   at System.Web.UI.Control.OnLoad(EventArgs e)
   at System.Web.UI.Control.LoadRecursive()
   at System.Web.UI.Page.ProcessRequestMain(Boolean includeStagesBeforeAsyncPoint, Boolean includeStagesAfterAsyncPoint)

[error] 2025年9月13日09:51:57　/Form/Forum/ForumTop.aspx   [::1] [Mozilla/5.0 (Windows NT 10.0; Win64; x64) AppleWebKit/537.36 (KHTML, like Gecko) Chrome/140.0.0.0 Safari/537.36]
-> Exception of type 'System.Web.HttpUnhandledException' was thrown.
   at System.Web.UI.Page.HandleError(Exception e)
   at System.Web.UI.Page.ProcessRequestMain(Boolean includeStagesBeforeAsyncPoint, Boolean includeStagesAfterAsyncPoint)
   at System.Web.UI.Page.ProcessRequest(Boolean includeStagesBeforeAsyncPoint, Boolean includeStagesAfterAsyncPoint)
   at System.Web.UI.Page.ProcessRequest()
   at System.Web.UI.Page.ProcessRequest(HttpContext context)
   at ASP.form_forum_forumtop_aspx.ProcessRequest(HttpContext context) in c:\Users\romer\AppData\Local\Temp\Temporary ASP.NET Files\vs\b3d61826\4e34d6ee\App_Web_yvfcwvra.2.cs:line 0
   at System.Web.HttpApplication.CallHandlerExecutionStep.System.Web.HttpApplication.IExecutionStep.Execute()
   at System.Web.HttpApplication.ExecuteStepImpl(IExecutionStep step)
   at System.Web.HttpApplication.ExecuteStep(IExecutionStep step, Boolean& completedSynchronously)
-> A field or property with the name 'name' was not found on the selected data source.
   at System.Web.UI.WebControls.BoundField.TryGetSimplePropertyValue(Object dataItem, Object& data)
   at System.Web.UI.WebControls.BoundField.GetValue(Control controlContainer)
   at System.Web.UI.WebControls.BoundField.OnDataBindField(Object sender, EventArgs e)
   at System.Web.UI.Control.OnDataBinding(EventArgs e)
   at System.Web.UI.Control.DataBind(Boolean raiseOnDataBinding)
   at System.Web.UI.Control.DataBind()
   at System.Web.UI.Control.DataBindChildren()
   at System.Web.UI.Control.DataBind(Boolean raiseOnDataBinding)
   at System.Web.UI.Control.DataBind()
   at System.Web.UI.WebControls.GridView.CreateRow(Int32 rowIndex, Int32 dataSourceIndex, DataControlRowType rowType, DataControlRowState rowState, Boolean dataBind, Object dataItem, DataControlField[] fields, TableRowCollection rows, PagedDataSource pagedDataSource)
   at System.Web.UI.WebControls.GridView.CreateChildControls(IEnumerable dataSource, Boolean dataBinding)
   at System.Web.UI.WebControls.CompositeDataBoundControl.PerformDataBinding(IEnumerable data)
   at System.Web.UI.WebControls.GridView.PerformDataBinding(IEnumerable data)
   at System.Web.UI.WebControls.DataBoundControl.OnDataSourceViewSelectCallback(IEnumerable data)
   at Form_Forum_ForumTop.Page_Load(Object sender, EventArgs e) in c:\Users\romer\OneDrive\Documents\Visual Studio 2022\Projects\WebSites(RAUL_ROMERO)\RRP_Forum\Form\Forum\ForumTop.aspx.cs:line 35
   at System.Web.UI.Control.OnLoad(EventArgs e)
   at System.Web.UI.Control.LoadRecursive()
   at System.Web.UI.Page.ProcessRequestMain(Boolean includeStagesBeforeAsyncPoint, Boolean includeStagesAfterAsyncPoint)

[error] 2025年9月13日09:53:14　/Form/Forum/ForumTop.aspx   [::1] [Mozilla/5.0 (Windows NT 10.0; Win64; x64) AppleWebKit/537.36 (KHTML, like Gecko) Chrome/140.0.0.0 Safari/537.36]
-> Exception of type 'System.Web.HttpUnhandledException' was thrown.
   at System.Web.UI.Page.HandleError(Exception e)
   at System.Web.UI.Page.ProcessRequestMain(Boolean includeStagesBeforeAsyncPoint, Boolean includeStagesAfterAsyncPoint)
   at System.Web.UI.Page.ProcessRequest(Boolean includeStagesBeforeAsyncPoint, Boolean includeStagesAfterAsyncPoint)
   at System.Web.UI.Page.ProcessRequest()
   at System.Web.UI.Page.ProcessRequest(HttpContext context)
   at ASP.form_forum_forumtop_aspx.ProcessRequest(HttpContext context) in c:\Users\romer\AppData\Local\Temp\Temporary ASP.NET Files\vs\b3d61826\4e34d6ee\App_Web_yvfcwvra.2.cs:line 0
   at System.Web.HttpApplication.CallHandlerExecutionStep.System.Web.HttpApplication.IExecutionStep.Execute()
   at System.Web.HttpApplication.ExecuteStepImpl(IExecutionStep step)
   at System.Web.HttpApplication.ExecuteStep(IExecutionStep step, Boolean& completedSynchronously)
-> A field or property with the name 'name' was not found on the selected data source.
   at System.Web.UI.WebControls.BoundField.TryGetSimplePropertyValue(Object dataItem, Object& data)
   at System.Web.UI.WebControls.BoundField.GetValue(Control controlContainer)
   at System.Web.UI.WebControls.BoundField.OnDataBindField(Object sender, EventArgs e)
   at System.Web.UI.Control.OnDataBinding(EventArgs e)
   at System.Web.UI.Control.DataBind(Boolean raiseOnDataBinding)
   at System.Web.UI.Control.DataBind()
   at System.Web.UI.Control.DataBindChildren()
   at System.Web.UI.Control.DataBind(Boolean raiseOnDataBinding)
   at System.Web.UI.Control.DataBind()
   at System.Web.UI.WebControls.GridView.CreateRow(Int32 rowIndex, Int32 dataSourceIndex, DataControlRowType rowType, DataControlRowState rowState, Boolean dataBind, Object dataItem, DataControlField[] fields, TableRowCollection rows, PagedDataSource pagedDataSource)
   at System.Web.UI.WebControls.GridView.CreateChildControls(IEnumerable dataSource, Boolean dataBinding)
   at System.Web.UI.WebControls.CompositeDataBoundControl.PerformDataBinding(IEnumerable data)
   at System.Web.UI.WebControls.GridView.PerformDataBinding(IEnumerable data)
   at System.Web.UI.WebControls.DataBoundControl.OnDataSourceViewSelectCallback(IEnumerable data)
   at Form_Forum_ForumTop.Page_Load(Object sender, EventArgs e) in c:\Users\romer\OneDrive\Documents\Visual Studio 2022\Projects\WebSites(RAUL_ROMERO)\RRP_Forum\Form\Forum\ForumTop.aspx.cs:line 35
   at System.Web.UI.Control.OnLoad(EventArgs e)
   at System.Web.UI.Control.LoadRecursive()
   at System.Web.UI.Page.ProcessRequestMain(Boolean includeStagesBeforeAsyncPoint, Boolean includeStagesAfterAsyncPoint)

[error] 2025年9月13日11:16:50　/Form/Forum/ForumTop.aspx   [::1] [Mozilla/5.0 (Windows NT 10.0; Win64; x64) AppleWebKit/537.36 (KHTML, like Gecko) Chrome/140.0.0.0 Safari/537.36]
-> Exception of type 'System.Web.HttpUnhandledException' was thrown.
   at System.Web.UI.Page.HandleError(Exception e)
   at System.Web.UI.Page.ProcessRequestMain(Boolean includeStagesBeforeAsyncPoint, Boolean includeStagesAfterAsyncPoint)
   at System.Web.UI.Page.ProcessRequest(Boolean includeStagesBeforeAsyncPoint, Boolean includeStagesAfterAsyncPoint)
   at System.Web.UI.Page.ProcessRequest()
   at System.Web.UI.Page.ProcessRequestWithNoAssert(HttpContext context)
   at System.Web.UI.Page.ProcessRequest(HttpContext context)
   at ASP.form_forum_forumtop_aspx.ProcessRequest(HttpContext context) in c:\Users\romer\AppData\Local\Temp\Temporary ASP.NET Files\vs\b3d61826\4e34d6ee\App_Web_tp2nb4ow.0.cs:line 0
   at System.Web.HttpApplication.CallHandlerExecutionStep.System.Web.HttpApplication.IExecutionStep.Execute()
   at System.Web.HttpApplication.ExecuteStepImpl(IExecutionStep step)
   at System.Web.HttpApplication.ExecuteStep(IExecutionStep step, Boolean& completedSynchronously)
-> Column 'user_id' does not belong to table Table.
   at System.Data.DataRow.GetDataColumn(String columnName)
   at System.Data.DataRow.get_Item(String columnName)
   at Form_Forum_ForumTop.lnkButton_Visible(Object sender, GridViewRowEventArgs e) in c:\Users\romer\OneDrive\Documents\Visual Studio 2022\Projects\WebSites(RAUL_ROMERO)\RRP_Forum\Form\Forum\ForumTop.aspx.cs:line 68
   at System.Web.UI.WebControls.GridView.OnRowDataBound(GridViewRowEventArgs e)
   at System.Web.UI.WebControls.GridView.CreateRow(Int32 rowIndex, Int32 dataSourceIndex, DataControlRowType rowType, DataControlRowState rowState, Boolean dataBind, Object dataItem, DataControlField[] fields, TableRowCollection rows, PagedDataSource pagedDataSource)
   at System.Web.UI.WebControls.GridView.CreateChildControls(IEnumerable dataSource, Boolean dataBinding)
   at System.Web.UI.WebControls.CompositeDataBoundControl.PerformDataBinding(IEnumerable data)
   at System.Web.UI.WebControls.GridView.PerformDataBinding(IEnumerable data)
   at System.Web.UI.WebControls.DataBoundControl.OnDataSourceViewSelectCallback(IEnumerable data)
   at System.Web.UI.DataSourceView.Select(DataSourceSelectArguments arguments, DataSourceViewSelectCallback callback)
   at System.Web.UI.WebControls.DataBoundControl.PerformSelect()
   at System.Web.UI.WebControls.BaseDataBoundControl.DataBind()
   at System.Web.UI.WebControls.GridView.DataBind()
   at Form_Forum_ForumTop.BindData() in c:\Users\romer\OneDrive\Documents\Visual Studio 2022\Projects\WebSites(RAUL_ROMERO)\RRP_Forum\Form\Forum\ForumTop.aspx.cs:line 84
   at Form_Forum_ForumTop.Page_Load(Object sender, EventArgs e) in c:\Users\romer\OneDrive\Documents\Visual Studio 2022\Projects\WebSites(RAUL_ROMERO)\RRP_Forum\Form\Forum\ForumTop.aspx.cs:line 34
   at System.Web.Util.CalliEventHandlerDelegateProxy.Callback(Object sender, EventArgs e)
   at System.Web.UI.Control.OnLoad(EventArgs e)
   at System.Web.UI.Control.LoadRecursive()
   at System.Web.UI.Page.ProcessRequestMain(Boolean includeStagesBeforeAsyncPoint, Boolean includeStagesAfterAsyncPoint)

[error] 2025年9月13日11:23:12　/Form/Forum/ForumTop.aspx   [::1] [Mozilla/5.0 (Windows NT 10.0; Win64; x64) AppleWebKit/537.36 (KHTML, like Gecko) Chrome/140.0.0.0 Safari/537.36]
-> Exception of type 'System.Web.HttpUnhandledException' was thrown.
   at System.Web.UI.Page.HandleError(Exception e)
   at System.Web.UI.Page.ProcessRequestMain(Boolean includeStagesBeforeAsyncPoint, Boolean includeStagesAfterAsyncPoint)
   at System.Web.UI.Page.ProcessRequest(Boolean includeStagesBeforeAsyncPoint, Boolean includeStagesAfterAsyncPoint)
   at System.Web.UI.Page.ProcessRequest()
   at System.Web.UI.Page.ProcessRequestWithNoAssert(HttpContext context)
   at System.Web.UI.Page.ProcessRequest(HttpContext context)
   at ASP.form_forum_forumtop_aspx.ProcessRequest(HttpContext context) in c:\Users\romer\AppData\Local\Temp\Temporary ASP.NET Files\vs\b3d61826\4e34d6ee\App_Web_tp2nb4ow.0.cs:line 0
   at System.Web.HttpApplication.CallHandlerExecutionStep.System.Web.HttpApplication.IExecutionStep.Execute()
   at System.Web.HttpApplication.ExecuteStepImpl(IExecutionStep step)
   at System.Web.HttpApplication.ExecuteStep(IExecutionStep step, Boolean& completedSynchronously)
-> Specified cast is not valid.
   at Form_Forum_ForumTop.lnkButton_Visible(Object sender, GridViewRowEventArgs e) in c:\Users\romer\OneDrive\Documents\Visual Studio 2022\Projects\WebSites(RAUL_ROMERO)\RRP_Forum\Form\Forum\ForumTop.aspx.cs:line 68
   at System.Web.UI.WebControls.GridView.OnRowDataBound(GridViewRowEventArgs e)
   at System.Web.UI.WebControls.GridView.CreateRow(Int32 rowIndex, Int32 dataSourceIndex, DataControlRowType rowType, DataControlRowState rowState, Boolean dataBind, Object dataItem, DataControlField[] fields, TableRowCollection rows, PagedDataSource pagedDataSource)
   at System.Web.UI.WebControls.GridView.CreateChildControls(IEnumerable dataSource, Boolean dataBinding)
   at System.Web.UI.WebControls.CompositeDataBoundControl.PerformDataBinding(IEnumerable data)
   at System.Web.UI.WebControls.GridView.PerformDataBinding(IEnumerable data)
   at System.Web.UI.WebControls.DataBoundControl.OnDataSourceViewSelectCallback(IEnumerable data)
   at System.Web.UI.DataSourceView.Select(DataSourceSelectArguments arguments, DataSourceViewSelectCallback callback)
   at System.Web.UI.WebControls.DataBoundControl.PerformSelect()
   at System.Web.UI.WebControls.BaseDataBoundControl.DataBind()
   at System.Web.UI.WebControls.GridView.DataBind()
   at Form_Forum_ForumTop.BindData() in c:\Users\romer\OneDrive\Documents\Visual Studio 2022\Projects\WebSites(RAUL_ROMERO)\RRP_Forum\Form\Forum\ForumTop.aspx.cs:line 84
   at Form_Forum_ForumTop.Page_Load(Object sender, EventArgs e) in c:\Users\romer\OneDrive\Documents\Visual Studio 2022\Projects\WebSites(RAUL_ROMERO)\RRP_Forum\Form\Forum\ForumTop.aspx.cs:line 34
   at System.Web.Util.CalliEventHandlerDelegateProxy.Callback(Object sender, EventArgs e)
   at System.Web.UI.Control.OnLoad(EventArgs e)
   at System.Web.UI.Control.LoadRecursive()
   at System.Web.UI.Page.ProcessRequestMain(Boolean includeStagesBeforeAsyncPoint, Boolean includeStagesAfterAsyncPoint)

[error] 2025年9月13日11:24:25　/Form/Forum/ForumTop.aspx   [::1] [Mozilla/5.0 (Windows NT 10.0; Win64; x64) AppleWebKit/537.36 (KHTML, like Gecko) Chrome/140.0.0.0 Safari/537.36]
-> Exception of type 'System.Web.HttpUnhandledException' was thrown.
   at System.Web.UI.Page.HandleError(Exception e)
   at System.Web.UI.Page.ProcessRequestMain(Boolean includeStagesBeforeAsyncPoint, Boolean includeStagesAfterAsyncPoint)
   at System.Web.UI.Page.ProcessRequest(Boolean includeStagesBeforeAsyncPoint, Boolean includeStagesAfterAsyncPoint)
   at System.Web.UI.Page.ProcessRequest()
   at System.Web.UI.Page.ProcessRequestWithNoAssert(HttpContext context)
   at System.Web.UI.Page.ProcessRequest(HttpContext context)
   at ASP.form_forum_forumtop_aspx.ProcessRequest(HttpContext context) in c:\Users\romer\AppData\Local\Temp\Temporary ASP.NET Files\vs\b3d61826\4e34d6ee\App_Web_vv1eo1e4.0.cs:line 0
   at System.Web.HttpApplication.CallHandlerExecutionStep.System.Web.HttpApplication.IExecutionStep.Execute()
   at System.Web.HttpApplication.ExecuteStepImpl(IExecutionStep step)
   at System.Web.HttpApplication.ExecuteStep(IExecutionStep step, Boolean& completedSynchronously)
-> Unable to cast object of type 'System.Int32' to type 'System.String'.
   at Form_Forum_ForumTop.lnkButton_Visible(Object sender, GridViewRowEventArgs e) in c:\Users\romer\OneDrive\Documents\Visual Studio 2022\Projects\WebSites(RAUL_ROMERO)\RRP_Forum\Form\Forum\ForumTop.aspx.cs:line 68
   at System.Web.UI.WebControls.GridView.OnRowDataBound(GridViewRowEventArgs e)
   at System.Web.UI.WebControls.GridView.CreateRow(Int32 rowIndex, Int32 dataSourceIndex, DataControlRowType rowType, DataControlRowState rowState, Boolean dataBind, Object dataItem, DataControlField[] fields, TableRowCollection rows, PagedDataSource pagedDataSource)
   at System.Web.UI.WebControls.GridView.CreateChildControls(IEnumerable dataSource, Boolean dataBinding)
   at System.Web.UI.WebControls.CompositeDataBoundControl.PerformDataBinding(IEnumerable data)
   at System.Web.UI.WebControls.GridView.PerformDataBinding(IEnumerable data)
   at System.Web.UI.WebControls.DataBoundControl.OnDataSourceViewSelectCallback(IEnumerable data)
   at System.Web.UI.DataSourceView.Select(DataSourceSelectArguments arguments, DataSourceViewSelectCallback callback)
   at System.Web.UI.WebControls.DataBoundControl.PerformSelect()
   at System.Web.UI.WebControls.BaseDataBoundControl.DataBind()
   at System.Web.UI.WebControls.GridView.DataBind()
   at Form_Forum_ForumTop.BindData() in c:\Users\romer\OneDrive\Documents\Visual Studio 2022\Projects\WebSites(RAUL_ROMERO)\RRP_Forum\Form\Forum\ForumTop.aspx.cs:line 83
   at Form_Forum_ForumTop.Page_Load(Object sender, EventArgs e) in c:\Users\romer\OneDrive\Documents\Visual Studio 2022\Projects\WebSites(RAUL_ROMERO)\RRP_Forum\Form\Forum\ForumTop.aspx.cs:line 34
   at System.Web.Util.CalliEventHandlerDelegateProxy.Callback(Object sender, EventArgs e)
   at System.Web.UI.Control.OnLoad(EventArgs e)
   at System.Web.UI.Control.LoadRecursive()
   at System.Web.UI.Page.ProcessRequestMain(Boolean includeStagesBeforeAsyncPoint, Boolean includeStagesAfterAsyncPoint)

[error] 2025年9月13日11:36:39　/Form/Forum/ForumTop.aspx   [::1] [Mozilla/5.0 (Windows NT 10.0; Win64; x64) AppleWebKit/537.36 (KHTML, like Gecko) Chrome/140.0.0.0 Safari/537.36]
-> Exception of type 'System.Web.HttpUnhandledException' was thrown.
   at System.Web.UI.Page.HandleError(Exception e)
   at System.Web.UI.Page.ProcessRequestMain(Boolean includeStagesBeforeAsyncPoint, Boolean includeStagesAfterAsyncPoint)
   at System.Web.UI.Page.ProcessRequest(Boolean includeStagesBeforeAsyncPoint, Boolean includeStagesAfterAsyncPoint)
   at System.Web.UI.Page.ProcessRequest()
   at System.Web.UI.Page.ProcessRequestWithNoAssert(HttpContext context)
   at System.Web.UI.Page.ProcessRequest(HttpContext context)
   at ASP.form_forum_forumtop_aspx.ProcessRequest(HttpContext context) in c:\Users\romer\AppData\Local\Temp\Temporary ASP.NET Files\vs\b3d61826\4e34d6ee\App_Web_4n1315qt.0.cs:line 0
   at System.Web.HttpApplication.CallHandlerExecutionStep.System.Web.HttpApplication.IExecutionStep.Execute()
   at System.Web.HttpApplication.ExecuteStepImpl(IExecutionStep step)
   at System.Web.HttpApplication.ExecuteStep(IExecutionStep step, Boolean& completedSynchronously)
-> Object reference not set to an instance of an object.
   at Form_Forum_ForumTop.lnkButton_Visible(Object sender, GridViewRowEventArgs e) in c:\Users\romer\OneDrive\Documents\Visual Studio 2022\Projects\WebSites(RAUL_ROMERO)\RRP_Forum\Form\Forum\ForumTop.aspx.cs:line 79
   at System.Web.UI.WebControls.GridView.OnRowDataBound(GridViewRowEventArgs e)
   at System.Web.UI.WebControls.GridView.CreateRow(Int32 rowIndex, Int32 dataSourceIndex, DataControlRowType rowType, DataControlRowState rowState, Boolean dataBind, Object dataItem, DataControlField[] fields, TableRowCollection rows, PagedDataSource pagedDataSource)
   at System.Web.UI.WebControls.GridView.CreateChildControls(IEnumerable dataSource, Boolean dataBinding)
   at System.Web.UI.WebControls.CompositeDataBoundControl.PerformDataBinding(IEnumerable data)
   at System.Web.UI.WebControls.GridView.PerformDataBinding(IEnumerable data)
   at System.Web.UI.WebControls.DataBoundControl.OnDataSourceViewSelectCallback(IEnumerable data)
   at System.Web.UI.DataSourceView.Select(DataSourceSelectArguments arguments, DataSourceViewSelectCallback callback)
   at System.Web.UI.WebControls.DataBoundControl.PerformSelect()
   at System.Web.UI.WebControls.BaseDataBoundControl.DataBind()
   at System.Web.UI.WebControls.GridView.DataBind()
   at Form_Forum_ForumTop.BindData() in c:\Users\romer\OneDrive\Documents\Visual Studio 2022\Projects\WebSites(RAUL_ROMERO)\RRP_Forum\Form\Forum\ForumTop.aspx.cs:line 92
   at Form_Forum_ForumTop.Page_Load(Object sender, EventArgs e) in c:\Users\romer\OneDrive\Documents\Visual Studio 2022\Projects\WebSites(RAUL_ROMERO)\RRP_Forum\Form\Forum\ForumTop.aspx.cs:line 34
   at System.Web.Util.CalliEventHandlerDelegateProxy.Callback(Object sender, EventArgs e)
   at System.Web.UI.Control.OnLoad(EventArgs e)
   at System.Web.UI.Control.LoadRecursive()
   at System.Web.UI.Page.ProcessRequestMain(Boolean includeStagesBeforeAsyncPoint, Boolean includeStagesAfterAsyncPoint)

[error] 2025年9月13日11:39:00　/Form/Forum/ForumTop.aspx   [::1] [Mozilla/5.0 (Windows NT 10.0; Win64; x64) AppleWebKit/537.36 (KHTML, like Gecko) Chrome/140.0.0.0 Safari/537.36]
-> Exception of type 'System.Web.HttpUnhandledException' was thrown.
   at System.Web.UI.Page.HandleError(Exception e)
   at System.Web.UI.Page.ProcessRequestMain(Boolean includeStagesBeforeAsyncPoint, Boolean includeStagesAfterAsyncPoint)
   at System.Web.UI.Page.ProcessRequest(Boolean includeStagesBeforeAsyncPoint, Boolean includeStagesAfterAsyncPoint)
   at System.Web.UI.Page.ProcessRequest()
   at System.Web.UI.Page.ProcessRequestWithNoAssert(HttpContext context)
   at System.Web.UI.Page.ProcessRequest(HttpContext context)
   at ASP.form_forum_forumtop_aspx.ProcessRequest(HttpContext context) in c:\Users\romer\AppData\Local\Temp\Temporary ASP.NET Files\vs\b3d61826\4e34d6ee\App_Web_epcrllpv.0.cs:line 0
   at System.Web.HttpApplication.CallHandlerExecutionStep.System.Web.HttpApplication.IExecutionStep.Execute()
   at System.Web.HttpApplication.ExecuteStepImpl(IExecutionStep step)
   at System.Web.HttpApplication.ExecuteStep(IExecutionStep step, Boolean& completedSynchronously)
-> A field or property with the name 'forum_id' was not found on the selected data source.
   at System.Web.UI.WebControls.BoundField.TryGetSimplePropertyValue(Object dataItem, Object& data)
   at System.Web.UI.WebControls.BoundField.GetValue(Control controlContainer)
   at System.Web.UI.WebControls.BoundField.OnDataBindField(Object sender, EventArgs e)
   at System.Web.UI.Control.OnDataBinding(EventArgs e)
   at System.Web.UI.Control.DataBind(Boolean raiseOnDataBinding)
   at System.Web.UI.Control.DataBind()
   at System.Web.UI.Control.DataBindChildren()
   at System.Web.UI.Control.DataBind(Boolean raiseOnDataBinding)
   at System.Web.UI.Control.DataBind()
   at System.Web.UI.WebControls.GridView.CreateRow(Int32 rowIndex, Int32 dataSourceIndex, DataControlRowType rowType, DataControlRowState rowState, Boolean dataBind, Object dataItem, DataControlField[] fields, TableRowCollection rows, PagedDataSource pagedDataSource)
   at System.Web.UI.WebControls.GridView.CreateChildControls(IEnumerable dataSource, Boolean dataBinding)
   at System.Web.UI.WebControls.CompositeDataBoundControl.PerformDataBinding(IEnumerable data)
   at System.Web.UI.WebControls.GridView.PerformDataBinding(IEnumerable data)
   at System.Web.UI.WebControls.DataBoundControl.OnDataSourceViewSelectCallback(IEnumerable data)
   at System.Web.UI.DataSourceView.Select(DataSourceSelectArguments arguments, DataSourceViewSelectCallback callback)
   at System.Web.UI.WebControls.DataBoundControl.PerformSelect()
   at System.Web.UI.WebControls.BaseDataBoundControl.DataBind()
   at System.Web.UI.WebControls.GridView.DataBind()
   at Form_Forum_ForumTop.BindData() in c:\Users\romer\OneDrive\Documents\Visual Studio 2022\Projects\WebSites(RAUL_ROMERO)\RRP_Forum\Form\Forum\ForumTop.aspx.cs:line 95
   at Form_Forum_ForumTop.Page_Load(Object sender, EventArgs e) in c:\Users\romer\OneDrive\Documents\Visual Studio 2022\Projects\WebSites(RAUL_ROMERO)\RRP_Forum\Form\Forum\ForumTop.aspx.cs:line 34
   at System.Web.Util.CalliEventHandlerDelegateProxy.Callback(Object sender, EventArgs e)
   at System.Web.UI.Control.OnLoad(EventArgs e)
   at System.Web.UI.Control.LoadRecursive()
   at System.Web.UI.Page.ProcessRequestMain(Boolean includeStagesBeforeAsyncPoint, Boolean includeStagesAfterAsyncPoint)

[error] 2025年9月13日11:44:19　/Form/Forum/ForumTop.aspx   [::1] [Mozilla/5.0 (Windows NT 10.0; Win64; x64) AppleWebKit/537.36 (KHTML, like Gecko) Chrome/140.0.0.0 Safari/537.36]
-> Exception of type 'System.Web.HttpUnhandledException' was thrown.
   at System.Web.UI.Page.HandleError(Exception e)
   at System.Web.UI.Page.ProcessRequestMain(Boolean includeStagesBeforeAsyncPoint, Boolean includeStagesAfterAsyncPoint)
   at System.Web.UI.Page.ProcessRequest(Boolean includeStagesBeforeAsyncPoint, Boolean includeStagesAfterAsyncPoint)
   at System.Web.UI.Page.ProcessRequest()
   at System.Web.UI.Page.ProcessRequestWithNoAssert(HttpContext context)
   at System.Web.UI.Page.ProcessRequest(HttpContext context)
   at ASP.form_forum_forumtop_aspx.ProcessRequest(HttpContext context) in c:\Users\romer\AppData\Local\Temp\Temporary ASP.NET Files\vs\b3d61826\4e34d6ee\App_Web_zddpah0h.2.cs:line 0
   at System.Web.HttpApplication.CallHandlerExecutionStep.System.Web.HttpApplication.IExecutionStep.Execute()
   at System.Web.HttpApplication.ExecuteStepImpl(IExecutionStep step)
   at System.Web.HttpApplication.ExecuteStep(IExecutionStep step, Boolean& completedSynchronously)
-> A field or property with the name 'forum_id' was not found on the selected data source.
   at System.Web.UI.WebControls.BoundField.TryGetSimplePropertyValue(Object dataItem, Object& data)
   at System.Web.UI.WebControls.BoundField.GetValue(Control controlContainer)
   at System.Web.UI.WebControls.BoundField.OnDataBindField(Object sender, EventArgs e)
   at System.Web.UI.Control.OnDataBinding(EventArgs e)
   at System.Web.UI.Control.DataBind(Boolean raiseOnDataBinding)
   at System.Web.UI.Control.DataBind()
   at System.Web.UI.Control.DataBindChildren()
   at System.Web.UI.Control.DataBind(Boolean raiseOnDataBinding)
   at System.Web.UI.Control.DataBind()
   at System.Web.UI.WebControls.GridView.CreateRow(Int32 rowIndex, Int32 dataSourceIndex, DataControlRowType rowType, DataControlRowState rowState, Boolean dataBind, Object dataItem, DataControlField[] fields, TableRowCollection rows, PagedDataSource pagedDataSource)
   at System.Web.UI.WebControls.GridView.CreateChildControls(IEnumerable dataSource, Boolean dataBinding)
   at System.Web.UI.WebControls.CompositeDataBoundControl.PerformDataBinding(IEnumerable data)
   at System.Web.UI.WebControls.GridView.PerformDataBinding(IEnumerable data)
   at System.Web.UI.WebControls.DataBoundControl.OnDataSourceViewSelectCallback(IEnumerable data)
   at System.Web.UI.DataSourceView.Select(DataSourceSelectArguments arguments, DataSourceViewSelectCallback callback)
   at System.Web.UI.WebControls.DataBoundControl.PerformSelect()
   at System.Web.UI.WebControls.BaseDataBoundControl.DataBind()
   at System.Web.UI.WebControls.GridView.DataBind()
   at Form_Forum_ForumTop.BindData() in c:\Users\romer\OneDrive\Documents\Visual Studio 2022\Projects\WebSites(RAUL_ROMERO)\RRP_Forum\Form\Forum\ForumTop.aspx.cs:line 86
   at Form_Forum_ForumTop.Page_Load(Object sender, EventArgs e) in c:\Users\romer\OneDrive\Documents\Visual Studio 2022\Projects\WebSites(RAUL_ROMERO)\RRP_Forum\Form\Forum\ForumTop.aspx.cs:line 34
   at System.Web.Util.CalliEventHandlerDelegateProxy.Callback(Object sender, EventArgs e)
   at System.Web.UI.Control.OnLoad(EventArgs e)
   at System.Web.UI.Control.LoadRecursive()
   at System.Web.UI.Page.ProcessRequestMain(Boolean includeStagesBeforeAsyncPoint, Boolean includeStagesAfterAsyncPoint)

[error] 2025年9月13日11:54:01　/Form/User/UserRegisterInput.aspx   [::1] [Mozilla/5.0 (Windows NT 10.0; Win64; x64) AppleWebKit/537.36 (KHTML, like Gecko) Chrome/140.0.0.0 Safari/537.36]
-> Exception of type 'System.Web.HttpUnhandledException' was thrown.
   at System.Web.UI.Page.HandleError(Exception e)
   at System.Web.UI.Page.ProcessRequestMain(Boolean includeStagesBeforeAsyncPoint, Boolean includeStagesAfterAsyncPoint)
   at System.Web.UI.Page.ProcessRequest(Boolean includeStagesBeforeAsyncPoint, Boolean includeStagesAfterAsyncPoint)
   at System.Web.UI.Page.ProcessRequest()
   at System.Web.UI.Page.ProcessRequestWithNoAssert(HttpContext context)
   at System.Web.UI.Page.ProcessRequest(HttpContext context)
   at ASP.form_user_userregisterinput_aspx.ProcessRequest(HttpContext context) in c:\Users\romer\AppData\Local\Temp\Temporary ASP.NET Files\vs\b3d61826\4e34d6ee\App_Web_3uapt4b3.4.cs:line 0
   at System.Web.HttpApplication.CallHandlerExecutionStep.System.Web.HttpApplication.IExecutionStep.Execute()
   at System.Web.HttpApplication.ExecuteStepImpl(IExecutionStep step)
   at System.Web.HttpApplication.ExecuteStep(IExecutionStep step, Boolean& completedSynchronously)
-> Object reference not set to an instance of an object.
   at Form_User_UserRegisterInput.btnUserRegister_Click(Object sender, EventArgs e) in c:\Users\romer\OneDrive\Documents\Visual Studio 2022\Projects\WebSites(RAUL_ROMERO)\RRP_Forum\Form\User\UserRegisterInput.aspx.cs:line 31
   at System.Web.UI.WebControls.Button.OnClick(EventArgs e)
   at System.Web.UI.WebControls.Button.RaisePostBackEvent(String eventArgument)
   at System.Web.UI.WebControls.Button.System.Web.UI.IPostBackEventHandler.RaisePostBackEvent(String eventArgument)
   at System.Web.UI.Page.RaisePostBackEvent(IPostBackEventHandler sourceControl, String eventArgument)
   at System.Web.UI.Page.RaisePostBackEvent(NameValueCollection postData)
   at System.Web.UI.Page.ProcessRequestMain(Boolean includeStagesBeforeAsyncPoint, Boolean includeStagesAfterAsyncPoint)

[error] 2025年9月13日11:55:44　/Form/Forum/ForumTop.aspx   [::1] [Mozilla/5.0 (Windows NT 10.0; Win64; x64) AppleWebKit/537.36 (KHTML, like Gecko) Chrome/140.0.0.0 Safari/537.36]
-> Exception of type 'System.Web.HttpUnhandledException' was thrown.
   at System.Web.UI.Page.HandleError(Exception e)
   at System.Web.UI.Page.ProcessRequestMain(Boolean includeStagesBeforeAsyncPoint, Boolean includeStagesAfterAsyncPoint)
   at System.Web.UI.Page.ProcessRequest(Boolean includeStagesBeforeAsyncPoint, Boolean includeStagesAfterAsyncPoint)
   at System.Web.UI.Page.ProcessRequest()
   at System.Web.UI.Page.ProcessRequestWithNoAssert(HttpContext context)
   at System.Web.UI.Page.ProcessRequest(HttpContext context)
   at ASP.form_forum_forumtop_aspx.ProcessRequest(HttpContext context) in c:\Users\romer\AppData\Local\Temp\Temporary ASP.NET Files\vs\b3d61826\4e34d6ee\App_Web_zddpah0h.2.cs:line 0
   at System.Web.HttpApplication.CallHandlerExecutionStep.System.Web.HttpApplication.IExecutionStep.Execute()
   at System.Web.HttpApplication.ExecuteStepImpl(IExecutionStep step)
   at System.Web.HttpApplication.ExecuteStep(IExecutionStep step, Boolean& completedSynchronously)
-> Object reference not set to an instance of an object.
   at Form_Forum_ForumTop.lnkButton_DataBound(Object sender, GridViewRowEventArgs e) in c:\Users\romer\OneDrive\Documents\Visual Studio 2022\Projects\WebSites(RAUL_ROMERO)\RRP_Forum\Form\Forum\ForumTop.aspx.cs:line 70
   at System.Web.UI.WebControls.GridView.OnRowDataBound(GridViewRowEventArgs e)
   at System.Web.UI.WebControls.GridView.CreateRow(Int32 rowIndex, Int32 dataSourceIndex, DataControlRowType rowType, DataControlRowState rowState, Boolean dataBind, Object dataItem, DataControlField[] fields, TableRowCollection rows, PagedDataSource pagedDataSource)
   at System.Web.UI.WebControls.GridView.CreateChildControls(IEnumerable dataSource, Boolean dataBinding)
   at System.Web.UI.WebControls.CompositeDataBoundControl.PerformDataBinding(IEnumerable data)
   at System.Web.UI.WebControls.GridView.PerformDataBinding(IEnumerable data)
   at System.Web.UI.WebControls.DataBoundControl.OnDataSourceViewSelectCallback(IEnumerable data)
   at System.Web.UI.DataSourceView.Select(DataSourceSelectArguments arguments, DataSourceViewSelectCallback callback)
   at System.Web.UI.WebControls.DataBoundControl.PerformSelect()
   at System.Web.UI.WebControls.BaseDataBoundControl.DataBind()
   at System.Web.UI.WebControls.GridView.DataBind()
   at Form_Forum_ForumTop.BindData() in c:\Users\romer\OneDrive\Documents\Visual Studio 2022\Projects\WebSites(RAUL_ROMERO)\RRP_Forum\Form\Forum\ForumTop.aspx.cs:line 86
   at Form_Forum_ForumTop.Page_Load(Object sender, EventArgs e) in c:\Users\romer\OneDrive\Documents\Visual Studio 2022\Projects\WebSites(RAUL_ROMERO)\RRP_Forum\Form\Forum\ForumTop.aspx.cs:line 34
   at System.Web.Util.CalliEventHandlerDelegateProxy.Callback(Object sender, EventArgs e)
   at System.Web.UI.Control.OnLoad(EventArgs e)
   at System.Web.UI.Control.LoadRecursive()
   at System.Web.UI.Page.ProcessRequestMain(Boolean includeStagesBeforeAsyncPoint, Boolean includeStagesAfterAsyncPoint)

[error] 2025年9月13日12:38:21　/Form/User/UserRegisterConfirm.aspx   [::1] [Mozilla/5.0 (Windows NT 10.0; Win64; x64) AppleWebKit/537.36 (KHTML, like Gecko) Chrome/140.0.0.0 Safari/537.36]
-> Exception of type 'System.Web.HttpUnhandledException' was thrown.
   at System.Web.UI.Page.HandleError(Exception e)
   at System.Web.UI.Page.ProcessRequestMain(Boolean includeStagesBeforeAsyncPoint, Boolean includeStagesAfterAsyncPoint)
   at System.Web.UI.Page.ProcessRequest(Boolean includeStagesBeforeAsyncPoint, Boolean includeStagesAfterAsyncPoint)
   at System.Web.UI.Page.ProcessRequest()
   at System.Web.UI.Page.ProcessRequestWithNoAssert(HttpContext context)
   at System.Web.UI.Page.ProcessRequest(HttpContext context)
   at ASP.form_user_userregisterconfirm_aspx.ProcessRequest(HttpContext context) in c:\Users\romer\AppData\Local\Temp\Temporary ASP.NET Files\vs\b3d61826\4e34d6ee\App_Web_w2gta2to.0.cs:line 0
   at System.Web.HttpApplication.CallHandlerExecutionStep.System.Web.HttpApplication.IExecutionStep.Execute()
   at System.Web.HttpApplication.ExecuteStepImpl(IExecutionStep step)
   at System.Web.HttpApplication.ExecuteStep(IExecutionStep step, Boolean& completedSynchronously)
-> Object reference not set to an instance of an object.
   at Form_User_UserRegisterConfirm.Page_Load(Object sender, EventArgs e) in c:\Users\romer\OneDrive\Documents\Visual Studio 2022\Projects\WebSites(RAUL_ROMERO)\RRP_Forum\Form\User\UserRegisterConfirm.aspx.cs:line 25
   at System.Web.Util.CalliEventHandlerDelegateProxy.Callback(Object sender, EventArgs e)
   at System.Web.UI.Control.OnLoad(EventArgs e)
   at System.Web.UI.Control.LoadRecursive()
   at System.Web.UI.Page.ProcessRequestMain(Boolean includeStagesBeforeAsyncPoint, Boolean includeStagesAfterAsyncPoint)

[error] 2025年9月13日12:55:49　/Form/Forum/ForumTop.aspx   [::1] [Mozilla/5.0 (Windows NT 10.0; Win64; x64) AppleWebKit/537.36 (KHTML, like Gecko) Chrome/140.0.0.0 Safari/537.36]
-> Exception of type 'System.Web.HttpUnhandledException' was thrown.
   at System.Web.UI.Page.HandleError(Exception e)
   at System.Web.UI.Page.ProcessRequestMain(Boolean includeStagesBeforeAsyncPoint, Boolean includeStagesAfterAsyncPoint)
   at System.Web.UI.Page.ProcessRequest(Boolean includeStagesBeforeAsyncPoint, Boolean includeStagesAfterAsyncPoint)
   at System.Web.UI.Page.ProcessRequest()
   at System.Web.UI.Page.ProcessRequestWithNoAssert(HttpContext context)
   at System.Web.UI.Page.ProcessRequest(HttpContext context)
   at ASP.form_forum_forumtop_aspx.ProcessRequest(HttpContext context) in c:\Users\romer\AppData\Local\Temp\Temporary ASP.NET Files\vs\b3d61826\4e34d6ee\App_Web_tikcpxgq.0.cs:line 0
   at System.Web.HttpApplication.CallHandlerExecutionStep.System.Web.HttpApplication.IExecutionStep.Execute()
   at System.Web.HttpApplication.ExecuteStepImpl(IExecutionStep step)
   at System.Web.HttpApplication.ExecuteStep(IExecutionStep step, Boolean& completedSynchronously)
-> Object reference not set to an instance of an object.
   at Form_Forum_ForumTop.lnkButton_DataBound(Object sender, GridViewRowEventArgs e) in c:\Users\romer\OneDrive\Documents\Visual Studio 2022\Projects\WebSites(RAUL_ROMERO)\RRP_Forum\Form\Forum\ForumTop.aspx.cs:line 76
   at System.Web.UI.WebControls.GridView.OnRowDataBound(GridViewRowEventArgs e)
   at System.Web.UI.WebControls.GridView.CreateRow(Int32 rowIndex, Int32 dataSourceIndex, DataControlRowType rowType, DataControlRowState rowState, Boolean dataBind, Object dataItem, DataControlField[] fields, TableRowCollection rows, PagedDataSource pagedDataSource)
   at System.Web.UI.WebControls.GridView.CreateChildControls(IEnumerable dataSource, Boolean dataBinding)
   at System.Web.UI.WebControls.CompositeDataBoundControl.PerformDataBinding(IEnumerable data)
   at System.Web.UI.WebControls.GridView.PerformDataBinding(IEnumerable data)
   at System.Web.UI.WebControls.DataBoundControl.OnDataSourceViewSelectCallback(IEnumerable data)
   at System.Web.UI.DataSourceView.Select(DataSourceSelectArguments arguments, DataSourceViewSelectCallback callback)
   at System.Web.UI.WebControls.DataBoundControl.PerformSelect()
   at System.Web.UI.WebControls.BaseDataBoundControl.DataBind()
   at System.Web.UI.WebControls.GridView.DataBind()
   at Form_Forum_ForumTop.BindData() in c:\Users\romer\OneDrive\Documents\Visual Studio 2022\Projects\WebSites(RAUL_ROMERO)\RRP_Forum\Form\Forum\ForumTop.aspx.cs:line 89
   at Form_Forum_ForumTop.Page_Load(Object sender, EventArgs e) in c:\Users\romer\OneDrive\Documents\Visual Studio 2022\Projects\WebSites(RAUL_ROMERO)\RRP_Forum\Form\Forum\ForumTop.aspx.cs:line 40
   at System.Web.Util.CalliEventHandlerDelegateProxy.Callback(Object sender, EventArgs e)
   at System.Web.UI.Control.OnLoad(EventArgs e)
   at System.Web.UI.Control.LoadRecursive()
   at System.Web.UI.Page.ProcessRequestMain(Boolean includeStagesBeforeAsyncPoint, Boolean includeStagesAfterAsyncPoint)

[error] 2025年9月13日13:01:35　/Form/Forum/ForumTop.aspx   [::1] [Mozilla/5.0 (Windows NT 10.0; Win64; x64) AppleWebKit/537.36 (KHTML, like Gecko) Chrome/140.0.0.0 Safari/537.36]
-> c:\Users\romer\OneDrive\Documents\Visual Studio 2022\Projects\WebSites(RAUL_ROMERO)\RRP_Forum\Form\Forum\ForumTop.aspx.cs(81): error CS1525: Invalid expression term '}'
   at System.Web.Compilation.BuildManager.CompileWebFile(VirtualPath virtualPath)
   at System.Web.Compilation.BuildManager.GetVPathBuildResultInternal(VirtualPath virtualPath, Boolean noBuild, Boolean allowCrossApp, Boolean allowBuildInPrecompile, Boolean throwIfNotFound, Boolean ensureIsUpToDate)
   at System.Web.Compilation.BuildManager.GetVPathBuildResultWithNoAssert(HttpContext context, VirtualPath virtualPath, Boolean noBuild, Boolean allowCrossApp, Boolean allowBuildInPrecompile, Boolean throwIfNotFound, Boolean ensureIsUpToDate)
   at System.Web.Compilation.BuildManager.GetVirtualPathObjectFactory(VirtualPath virtualPath, HttpContext context, Boolean allowCrossApp, Boolean throwIfNotFound)
   at System.Web.Compilation.BuildManager.GetVirtualPathObjectFactory(VirtualPath virtualPath, HttpContext context, Boolean allowCrossApp)
   at System.Web.Compilation.BuildManager.CreateInstanceFromVirtualPath(VirtualPath virtualPath, Type requiredBaseType, HttpContext context, Boolean allowCrossApp)
   at System.Web.UI.PageHandlerFactory.GetHandlerHelper(HttpContext context, String requestType, VirtualPath virtualPath, String physicalPath)
   at System.Web.UI.PageHandlerFactory.GetHandler(HttpContext context, String requestType, String virtualPath, String path)
   at System.Web.HttpApplication.MaterializeHandlerExecutionStep.System.Web.HttpApplication.IExecutionStep.Execute()
   at System.Web.HttpApplication.ExecuteStepImpl(IExecutionStep step)
   at System.Web.HttpApplication.ExecuteStep(IExecutionStep step, Boolean& completedSynchronously)

[error] 2025年9月13日13:21:02　/Form/Forum/ForumTop.aspx   [::1] [Mozilla/5.0 (Windows NT 10.0; Win64; x64) AppleWebKit/537.36 (KHTML, like Gecko) Chrome/140.0.0.0 Safari/537.36]
-> Exception of type 'System.Web.HttpUnhandledException' was thrown.
   at System.Web.UI.Page.HandleError(Exception e)
   at System.Web.UI.Page.ProcessRequestMain(Boolean includeStagesBeforeAsyncPoint, Boolean includeStagesAfterAsyncPoint)
   at System.Web.UI.Page.ProcessRequest(Boolean includeStagesBeforeAsyncPoint, Boolean includeStagesAfterAsyncPoint)
   at System.Web.UI.Page.ProcessRequest()
   at System.Web.UI.Page.ProcessRequestWithNoAssert(HttpContext context)
   at System.Web.UI.Page.ProcessRequest(HttpContext context)
   at ASP.form_forum_forumtop_aspx.ProcessRequest(HttpContext context) in c:\Users\romer\AppData\Local\Temp\Temporary ASP.NET Files\vs\b3d61826\4e34d6ee\App_Web_nrvsnva5.2.cs:line 0
   at System.Web.HttpApplication.CallHandlerExecutionStep.System.Web.HttpApplication.IExecutionStep.Execute()
   at System.Web.HttpApplication.ExecuteStepImpl(IExecutionStep step)
   at System.Web.HttpApplication.ExecuteStep(IExecutionStep step, Boolean& completedSynchronously)
-> Unable to cast object of type 'System.Data.DataRowView' to type 'System.Data.DataTable'.
   at Form_Forum_ForumTop.lnkButton_DataBound(Object sender, GridViewRowEventArgs e) in c:\Users\romer\OneDrive\Documents\Visual Studio 2022\Projects\WebSites(RAUL_ROMERO)\RRP_Forum\Form\Forum\ForumTop.aspx.cs:line 69
   at System.Web.UI.WebControls.GridView.OnRowDataBound(GridViewRowEventArgs e)
   at System.Web.UI.WebControls.GridView.CreateRow(Int32 rowIndex, Int32 dataSourceIndex, DataControlRowType rowType, DataControlRowState rowState, Boolean dataBind, Object dataItem, DataControlField[] fields, TableRowCollection rows, PagedDataSource pagedDataSource)
   at System.Web.UI.WebControls.GridView.CreateChildControls(IEnumerable dataSource, Boolean dataBinding)
   at System.Web.UI.WebControls.CompositeDataBoundControl.PerformDataBinding(IEnumerable data)
   at System.Web.UI.WebControls.GridView.PerformDataBinding(IEnumerable data)
   at System.Web.UI.WebControls.DataBoundControl.OnDataSourceViewSelectCallback(IEnumerable data)
   at System.Web.UI.DataSourceView.Select(DataSourceSelectArguments arguments, DataSourceViewSelectCallback callback)
   at System.Web.UI.WebControls.DataBoundControl.PerformSelect()
   at System.Web.UI.WebControls.BaseDataBoundControl.DataBind()
   at System.Web.UI.WebControls.GridView.DataBind()
   at Form_Forum_ForumTop.BindData() in c:\Users\romer\OneDrive\Documents\Visual Studio 2022\Projects\WebSites(RAUL_ROMERO)\RRP_Forum\Form\Forum\ForumTop.aspx.cs:line 92
   at Form_Forum_ForumTop.Page_Load(Object sender, EventArgs e) in c:\Users\romer\OneDrive\Documents\Visual Studio 2022\Projects\WebSites(RAUL_ROMERO)\RRP_Forum\Form\Forum\ForumTop.aspx.cs:line 40
   at System.Web.Util.CalliEventHandlerDelegateProxy.Callback(Object sender, EventArgs e)
   at System.Web.UI.Control.OnLoad(EventArgs e)
   at System.Web.UI.Control.LoadRecursive()
   at System.Web.UI.Page.ProcessRequestMain(Boolean includeStagesBeforeAsyncPoint, Boolean includeStagesAfterAsyncPoint)

[error] 2025年9月13日13:21:34　/Form/Forum/ForumTop.aspx   [::1] [Mozilla/5.0 (Windows NT 10.0; Win64; x64) AppleWebKit/537.36 (KHTML, like Gecko) Chrome/140.0.0.0 Safari/537.36]
-> Exception of type 'System.Web.HttpUnhandledException' was thrown.
   at System.Web.UI.Page.HandleError(Exception e)
   at System.Web.UI.Page.ProcessRequestMain(Boolean includeStagesBeforeAsyncPoint, Boolean includeStagesAfterAsyncPoint)
   at System.Web.UI.Page.ProcessRequest(Boolean includeStagesBeforeAsyncPoint, Boolean includeStagesAfterAsyncPoint)
   at System.Web.UI.Page.ProcessRequest()
   at System.Web.UI.Page.ProcessRequestWithNoAssert(HttpContext context)
   at System.Web.UI.Page.ProcessRequest(HttpContext context)
   at ASP.form_forum_forumtop_aspx.ProcessRequest(HttpContext context) in c:\Users\romer\AppData\Local\Temp\Temporary ASP.NET Files\vs\b3d61826\4e34d6ee\App_Web_i2pjbbsr.2.cs:line 0
   at System.Web.HttpApplication.CallHandlerExecutionStep.System.Web.HttpApplication.IExecutionStep.Execute()
   at System.Web.HttpApplication.ExecuteStepImpl(IExecutionStep step)
   at System.Web.HttpApplication.ExecuteStep(IExecutionStep step, Boolean& completedSynchronously)
-> Unable to cast object of type 'System.Data.DataRowView' to type 'System.Data.DataRow'.
   at Form_Forum_ForumTop.lnkButton_DataBound(Object sender, GridViewRowEventArgs e) in c:\Users\romer\OneDrive\Documents\Visual Studio 2022\Projects\WebSites(RAUL_ROMERO)\RRP_Forum\Form\Forum\ForumTop.aspx.cs:line 69
   at System.Web.UI.WebControls.GridView.OnRowDataBound(GridViewRowEventArgs e)
   at System.Web.UI.WebControls.GridView.CreateRow(Int32 rowIndex, Int32 dataSourceIndex, DataControlRowType rowType, DataControlRowState rowState, Boolean dataBind, Object dataItem, DataControlField[] fields, TableRowCollection rows, PagedDataSource pagedDataSource)
   at System.Web.UI.WebControls.GridView.CreateChildControls(IEnumerable dataSource, Boolean dataBinding)
   at System.Web.UI.WebControls.CompositeDataBoundControl.PerformDataBinding(IEnumerable data)
   at System.Web.UI.WebControls.GridView.PerformDataBinding(IEnumerable data)
   at System.Web.UI.WebControls.DataBoundControl.OnDataSourceViewSelectCallback(IEnumerable data)
   at System.Web.UI.DataSourceView.Select(DataSourceSelectArguments arguments, DataSourceViewSelectCallback callback)
   at System.Web.UI.WebControls.DataBoundControl.PerformSelect()
   at System.Web.UI.WebControls.BaseDataBoundControl.DataBind()
   at System.Web.UI.WebControls.GridView.DataBind()
   at Form_Forum_ForumTop.BindData() in c:\Users\romer\OneDrive\Documents\Visual Studio 2022\Projects\WebSites(RAUL_ROMERO)\RRP_Forum\Form\Forum\ForumTop.aspx.cs:line 92
   at Form_Forum_ForumTop.Page_Load(Object sender, EventArgs e) in c:\Users\romer\OneDrive\Documents\Visual Studio 2022\Projects\WebSites(RAUL_ROMERO)\RRP_Forum\Form\Forum\ForumTop.aspx.cs:line 40
   at System.Web.Util.CalliEventHandlerDelegateProxy.Callback(Object sender, EventArgs e)
   at System.Web.UI.Control.OnLoad(EventArgs e)
   at System.Web.UI.Control.LoadRecursive()
   at System.Web.UI.Page.ProcessRequestMain(Boolean includeStagesBeforeAsyncPoint, Boolean includeStagesAfterAsyncPoint)

