[error] 2025年9月17日09:41:35　/Form/Forum/ForumTop.aspx   [::1] [Mozilla/5.0 (Windows NT 10.0; Win64; x64) AppleWebKit/537.36 (KHTML, like Gecko) Chrome/140.0.0.0 Safari/537.36]
-> Literal content ('<!-- レス投稿の編集フォーム -->') is not allowed within a 'System.Web.UI.WebControls.DataControlFieldCollection'.
   at System.Web.UI.TemplateParser.ParseString(String text, VirtualPath virtualPath, Encoding fileEncoding)
   at System.Web.UI.TemplateParser.ParseReader(StreamReader reader, VirtualPath virtualPath)
   at System.Web.UI.TemplateParser.ParseFile(String physicalPath, VirtualPath virtualPath)
   at System.Web.UI.TemplateParser.ParseFile(String physicalPath, String virtualPath)
   at System.Web.UI.TemplateParser.ParseInternal()
   at System.Web.UI.TemplateParser.Parse()
   at System.Web.UI.TemplateParser.Parse(ICollection referencedAssemblies, VirtualPath virtualPath)
   at System.Web.Compilation.BaseTemplateBuildProvider.get_CodeCompilerType()
   at System.Web.Compilation.BuildProvider.GetCompilerTypeFromBuildProvider(BuildProvider buildProvider)
   at System.Web.Compilation.BuildProvidersCompiler.ProcessBuildProviders()
   at System.Web.Compilation.BuildProvidersCompiler.PerformBuild()
   at System.Web.Compilation.BuildManager.CompileWebFile(VirtualPath virtualPath)
   at System.Web.Compilation.BuildManager.GetVPathBuildResultInternal(VirtualPath virtualPath, Boolean noBuild, Boolean allowCrossApp, Boolean allowBuildInPrecompile, Boolean throwIfNotFound, Boolean ensureIsUpToDate)
   at System.Web.Compilation.BuildManager.GetVPathBuildResultWithNoAssert(HttpContext context, VirtualPath virtualPath, Boolean noBuild, Boolean allowCrossApp, Boolean allowBuildInPrecompile, Boolean throwIfNotFound, Boolean ensureIsUpToDate)
   at System.Web.Compilation.BuildManager.GetVirtualPathObjectFactory(VirtualPath virtualPath, HttpContext context, Boolean allowCrossApp, Boolean throwIfNotFound)
   at System.Web.Compilation.BuildManager.GetVirtualPathObjectFactory(VirtualPath virtualPath, HttpContext context, Boolean allowCrossApp)
   at System.Web.Compilation.BuildManager.CreateInstanceFromVirtualPath(VirtualPath virtualPath, Type requiredBaseType, HttpContext context, Boolean allowCrossApp)
   at System.Web.UI.PageHandlerFactory.GetHandlerHelper(HttpContext context, String requestType, VirtualPath virtualPath, String physicalPath)
   at System.Web.UI.PageHandlerFactory.GetHandler(HttpContext context, String requestType, String virtualPath, String path)
   at System.Web.HttpApplication.MaterializeHandlerExecutionStep.System.Web.HttpApplication.IExecutionStep.Execute()
   at System.Web.HttpApplication.ExecuteStepImpl(IExecutionStep step)
   at System.Web.HttpApplication.ExecuteStep(IExecutionStep step, Boolean& completedSynchronously)
-> Literal content ('<!-- レス投稿の編集フォーム -->') is not allowed within a 'System.Web.UI.WebControls.DataControlFieldCollection'.
   at System.Web.UI.TemplateParser.ProcessException(Exception ex)
   at System.Web.UI.TemplateParser.ParseStringInternal(String text, Encoding fileEncoding)
   at System.Web.UI.TemplateParser.ParseString(String text, VirtualPath virtualPath, Encoding fileEncoding)
-> Literal content ('<!-- レス投稿の編集フォーム -->') is not allowed within a 'System.Web.UI.WebControls.DataControlFieldCollection'.
   at System.Web.UI.CollectionBuilder.AppendLiteralString(String s)
   at System.Web.UI.TemplateParser.ProcessLiteral()

[error] 2025年9月17日09:41:51　/Form/Forum/ForumTop.aspx   [::1] [Mozilla/5.0 (Windows NT 10.0; Win64; x64) AppleWebKit/537.36 (KHTML, like Gecko) Chrome/140.0.0.0 Safari/537.36]
-> Literal content ('<!-- レス投稿の編集フォーム -->') is not allowed within a 'System.Web.UI.WebControls.DataControlFieldCollection'.
   at System.Web.UI.TemplateParser.ParseString(String text, VirtualPath virtualPath, Encoding fileEncoding)
   at System.Web.UI.TemplateParser.ParseReader(StreamReader reader, VirtualPath virtualPath)
   at System.Web.UI.TemplateParser.ParseFile(String physicalPath, VirtualPath virtualPath)
   at System.Web.UI.TemplateParser.ParseFile(String physicalPath, String virtualPath)
   at System.Web.UI.TemplateParser.ParseInternal()
   at System.Web.UI.TemplateParser.Parse()
   at System.Web.UI.TemplateParser.Parse(ICollection referencedAssemblies, VirtualPath virtualPath)
   at System.Web.Compilation.BaseTemplateBuildProvider.get_CodeCompilerType()
   at System.Web.Compilation.BuildProvider.GetCompilerTypeFromBuildProvider(BuildProvider buildProvider)
   at System.Web.Compilation.BuildProvidersCompiler.ProcessBuildProviders()
   at System.Web.Compilation.BuildProvidersCompiler.PerformBuild()
   at System.Web.Compilation.BuildManager.CompileWebFile(VirtualPath virtualPath)
   at System.Web.Compilation.BuildManager.GetVPathBuildResultInternal(VirtualPath virtualPath, Boolean noBuild, Boolean allowCrossApp, Boolean allowBuildInPrecompile, Boolean throwIfNotFound, Boolean ensureIsUpToDate)
   at System.Web.Compilation.BuildManager.GetVPathBuildResultWithNoAssert(HttpContext context, VirtualPath virtualPath, Boolean noBuild, Boolean allowCrossApp, Boolean allowBuildInPrecompile, Boolean throwIfNotFound, Boolean ensureIsUpToDate)
   at System.Web.Compilation.BuildManager.GetVirtualPathObjectFactory(VirtualPath virtualPath, HttpContext context, Boolean allowCrossApp, Boolean throwIfNotFound)
   at System.Web.Compilation.BuildManager.GetVirtualPathObjectFactory(VirtualPath virtualPath, HttpContext context, Boolean allowCrossApp)
   at System.Web.Compilation.BuildManager.CreateInstanceFromVirtualPath(VirtualPath virtualPath, Type requiredBaseType, HttpContext context, Boolean allowCrossApp)
   at System.Web.UI.PageHandlerFactory.GetHandlerHelper(HttpContext context, String requestType, VirtualPath virtualPath, String physicalPath)
   at System.Web.UI.PageHandlerFactory.GetHandler(HttpContext context, String requestType, String virtualPath, String path)
   at System.Web.HttpApplication.MaterializeHandlerExecutionStep.System.Web.HttpApplication.IExecutionStep.Execute()
   at System.Web.HttpApplication.ExecuteStepImpl(IExecutionStep step)
   at System.Web.HttpApplication.ExecuteStep(IExecutionStep step, Boolean& completedSynchronously)
-> Literal content ('<!-- レス投稿の編集フォーム -->') is not allowed within a 'System.Web.UI.WebControls.DataControlFieldCollection'.
   at System.Web.UI.TemplateParser.ProcessException(Exception ex)
   at System.Web.UI.TemplateParser.ParseStringInternal(String text, Encoding fileEncoding)
   at System.Web.UI.TemplateParser.ParseString(String text, VirtualPath virtualPath, Encoding fileEncoding)
-> Literal content ('<!-- レス投稿の編集フォーム -->') is not allowed within a 'System.Web.UI.WebControls.DataControlFieldCollection'.
   at System.Web.UI.CollectionBuilder.AppendLiteralString(String s)
   at System.Web.UI.TemplateParser.ProcessLiteral()

[error] 2025年9月17日10:29:10　/Form/Forum/ForumTop.aspx   [::1] [Mozilla/5.0 (Windows NT 10.0; Win64; x64) AppleWebKit/537.36 (KHTML, like Gecko) Chrome/140.0.0.0 Safari/537.36]
-> Exception of type 'System.Web.HttpUnhandledException' was thrown.
   at System.Web.UI.Page.HandleError(Exception e)
   at System.Web.UI.Page.ProcessRequestMain(Boolean includeStagesBeforeAsyncPoint, Boolean includeStagesAfterAsyncPoint)
   at System.Web.UI.Page.ProcessRequest(Boolean includeStagesBeforeAsyncPoint, Boolean includeStagesAfterAsyncPoint)
   at System.Web.UI.Page.ProcessRequest()
   at System.Web.UI.Page.ProcessRequestWithNoAssert(HttpContext context)
   at System.Web.UI.Page.ProcessRequest(HttpContext context)
   at ASP.form_forum_forumtop_aspx.ProcessRequest(HttpContext context)
   at System.Web.HttpApplication.CallHandlerExecutionStep.System.Web.HttpApplication.IExecutionStep.Execute()
   at System.Web.HttpApplication.ExecuteStepImpl(IExecutionStep step)
   at System.Web.HttpApplication.ExecuteStep(IExecutionStep step, Boolean& completedSynchronously)
-> DataBinding: 'System.Data.DataRowView' does not contain a property with the name 'forum-text'.
   at System.Web.UI.DataBinder.GetPropertyValue(Object container, String propName)
   at System.Web.UI.DataBinder.Eval(Object container, String[] expressionParts)
   at System.Web.UI.DataBinder.Eval(Object container, String expression)
   at System.Web.UI.TemplateControl.Eval(String expression)
   at ASP.form_forum_forumtop_aspx.__DataBinding__control29(Object sender, EventArgs e)
   at System.Web.UI.Control.OnDataBinding(EventArgs e)
   at System.Web.UI.Control.DataBind(Boolean raiseOnDataBinding)
   at System.Web.UI.Control.DataBind()
   at System.Web.UI.Control.DataBindChildren()
   at System.Web.UI.Control.DataBind(Boolean raiseOnDataBinding)
   at System.Web.UI.Control.DataBind()
   at System.Web.UI.Control.DataBindChildren()
   at System.Web.UI.Control.DataBind(Boolean raiseOnDataBinding)
   at System.Web.UI.Control.DataBind()
   at System.Web.UI.WebControls.GridView.CreateRow(Int32 rowIndex, Int32 dataSourceIndex, DataControlRowType rowType, DataControlRowState rowState, Boolean dataBind, Object dataItem, DataControlField[] fields, TableRowCollection rows, PagedDataSource pagedDataSource)
   at System.Web.UI.WebControls.GridView.CreateChildControls(IEnumerable dataSource, Boolean dataBinding)
   at System.Web.UI.WebControls.CompositeDataBoundControl.PerformDataBinding(IEnumerable data)
   at System.Web.UI.WebControls.GridView.PerformDataBinding(IEnumerable data)
   at System.Web.UI.WebControls.DataBoundControl.OnDataSourceViewSelectCallback(IEnumerable data)
   at System.Web.UI.DataSourceView.Select(DataSourceSelectArguments arguments, DataSourceViewSelectCallback callback)
   at System.Web.UI.WebControls.DataBoundControl.PerformSelect()
   at System.Web.UI.WebControls.BaseDataBoundControl.DataBind()
   at System.Web.UI.WebControls.GridView.DataBind()
   at Form_Forum_ForumTop.Forum_BindData()
   at Form_Forum_ForumTop.Page_Load(Object sender, EventArgs e)
   at System.Web.Util.CalliEventHandlerDelegateProxy.Callback(Object sender, EventArgs e)
   at System.Web.UI.Control.OnLoad(EventArgs e)
   at System.Web.UI.Control.LoadRecursive()
   at System.Web.UI.Page.ProcessRequestMain(Boolean includeStagesBeforeAsyncPoint, Boolean includeStagesAfterAsyncPoint)

[error] 2025年9月17日11:27:54　/Form/Forum/ForumTop.aspx   [::1] [Mozilla/5.0 (Windows NT 10.0; Win64; x64) AppleWebKit/537.36 (KHTML, like Gecko) Chrome/140.0.0.0 Safari/537.36]
-> Exception of type 'System.Web.HttpUnhandledException' was thrown.
   at System.Web.UI.Page.HandleError(Exception e)
   at System.Web.UI.Page.ProcessRequestMain(Boolean includeStagesBeforeAsyncPoint, Boolean includeStagesAfterAsyncPoint)
   at System.Web.UI.Page.ProcessRequest(Boolean includeStagesBeforeAsyncPoint, Boolean includeStagesAfterAsyncPoint)
   at System.Web.UI.Page.ProcessRequest()
   at System.Web.UI.Page.ProcessRequestWithNoAssert(HttpContext context)
   at System.Web.UI.Page.ProcessRequest(HttpContext context)
   at ASP.form_forum_forumtop_aspx.ProcessRequest(HttpContext context)
   at System.Web.HttpApplication.CallHandlerExecutionStep.System.Web.HttpApplication.IExecutionStep.Execute()
   at System.Web.HttpApplication.ExecuteStepImpl(IExecutionStep step)
   at System.Web.HttpApplication.ExecuteStep(IExecutionStep step, Boolean& completedSynchronously)
-> Object reference not set to an instance of an object.
   at Form_Forum_ForumTop.gvForum_RowDataBound(Object sender, GridViewRowEventArgs e)
   at System.Web.UI.WebControls.GridView.OnRowDataBound(GridViewRowEventArgs e)
   at System.Web.UI.WebControls.GridView.CreateRow(Int32 rowIndex, Int32 dataSourceIndex, DataControlRowType rowType, DataControlRowState rowState, Boolean dataBind, Object dataItem, DataControlField[] fields, TableRowCollection rows, PagedDataSource pagedDataSource)
   at System.Web.UI.WebControls.GridView.CreateChildControls(IEnumerable dataSource, Boolean dataBinding)
   at System.Web.UI.WebControls.CompositeDataBoundControl.PerformDataBinding(IEnumerable data)
   at System.Web.UI.WebControls.GridView.PerformDataBinding(IEnumerable data)
   at System.Web.UI.WebControls.DataBoundControl.OnDataSourceViewSelectCallback(IEnumerable data)
   at System.Web.UI.DataSourceView.Select(DataSourceSelectArguments arguments, DataSourceViewSelectCallback callback)
   at System.Web.UI.WebControls.DataBoundControl.PerformSelect()
   at System.Web.UI.WebControls.BaseDataBoundControl.DataBind()
   at System.Web.UI.WebControls.GridView.DataBind()
   at Form_Forum_ForumTop.Forum_BindData()
   at Form_Forum_ForumTop.Page_Load(Object sender, EventArgs e)
   at System.Web.Util.CalliEventHandlerDelegateProxy.Callback(Object sender, EventArgs e)
   at System.Web.UI.Control.OnLoad(EventArgs e)
   at System.Web.UI.Control.LoadRecursive()
   at System.Web.UI.Page.ProcessRequestMain(Boolean includeStagesBeforeAsyncPoint, Boolean includeStagesAfterAsyncPoint)

[error] 2025年9月17日11:29:28　/Form/Forum/ForumTop.aspx   [::1] [Mozilla/5.0 (Windows NT 10.0; Win64; x64) AppleWebKit/537.36 (KHTML, like Gecko) Chrome/140.0.0.0 Safari/537.36]
-> Exception of type 'System.Web.HttpUnhandledException' was thrown.
   at System.Web.UI.Page.HandleError(Exception e)
   at System.Web.UI.Page.ProcessRequestMain(Boolean includeStagesBeforeAsyncPoint, Boolean includeStagesAfterAsyncPoint)
   at System.Web.UI.Page.ProcessRequest(Boolean includeStagesBeforeAsyncPoint, Boolean includeStagesAfterAsyncPoint)
   at System.Web.UI.Page.ProcessRequest()
   at System.Web.UI.Page.ProcessRequestWithNoAssert(HttpContext context)
   at System.Web.UI.Page.ProcessRequest(HttpContext context)
   at ASP.form_forum_forumtop_aspx.ProcessRequest(HttpContext context) in c:\Users\romer\AppData\Local\Temp\Temporary ASP.NET Files\vs\b3d61826\4e34d6ee\App_Web_dmpdlgyr.0.cs:line 0
   at System.Web.HttpApplication.CallHandlerExecutionStep.System.Web.HttpApplication.IExecutionStep.Execute()
   at System.Web.HttpApplication.ExecuteStepImpl(IExecutionStep step)
   at System.Web.HttpApplication.ExecuteStep(IExecutionStep step, Boolean& completedSynchronously)
-> Object reference not set to an instance of an object.
   at Form_Forum_ForumTop.gvForum_RowDataBound(Object sender, GridViewRowEventArgs e) in c:\Users\romer\OneDrive\Documents\Visual Studio 2022\Projects\WebSites(RAUL_ROMERO)\RRP_Forum\Form\Forum\ForumTop.aspx.cs:line 575
   at System.Web.UI.WebControls.GridView.OnRowDataBound(GridViewRowEventArgs e)
   at System.Web.UI.WebControls.GridView.CreateRow(Int32 rowIndex, Int32 dataSourceIndex, DataControlRowType rowType, DataControlRowState rowState, Boolean dataBind, Object dataItem, DataControlField[] fields, TableRowCollection rows, PagedDataSource pagedDataSource)
   at System.Web.UI.WebControls.GridView.CreateChildControls(IEnumerable dataSource, Boolean dataBinding)
   at System.Web.UI.WebControls.CompositeDataBoundControl.PerformDataBinding(IEnumerable data)
   at System.Web.UI.WebControls.GridView.PerformDataBinding(IEnumerable data)
   at System.Web.UI.WebControls.DataBoundControl.OnDataSourceViewSelectCallback(IEnumerable data)
   at System.Web.UI.DataSourceView.Select(DataSourceSelectArguments arguments, DataSourceViewSelectCallback callback)
   at System.Web.UI.WebControls.DataBoundControl.PerformSelect()
   at System.Web.UI.WebControls.BaseDataBoundControl.DataBind()
   at System.Web.UI.WebControls.GridView.DataBind()
   at Form_Forum_ForumTop.Forum_BindData() in c:\Users\romer\OneDrive\Documents\Visual Studio 2022\Projects\WebSites(RAUL_ROMERO)\RRP_Forum\Form\Forum\ForumTop.aspx.cs:line 681
   at Form_Forum_ForumTop.Page_Load(Object sender, EventArgs e) in c:\Users\romer\OneDrive\Documents\Visual Studio 2022\Projects\WebSites(RAUL_ROMERO)\RRP_Forum\Form\Forum\ForumTop.aspx.cs:line 81
   at System.Web.Util.CalliEventHandlerDelegateProxy.Callback(Object sender, EventArgs e)
   at System.Web.UI.Control.OnLoad(EventArgs e)
   at System.Web.UI.Control.LoadRecursive()
   at System.Web.UI.Page.ProcessRequestMain(Boolean includeStagesBeforeAsyncPoint, Boolean includeStagesAfterAsyncPoint)

[error] 2025年9月17日11:30:45　/Form/Forum/ForumTop.aspx   [::1] [Mozilla/5.0 (Windows NT 10.0; Win64; x64) AppleWebKit/537.36 (KHTML, like Gecko) Chrome/140.0.0.0 Safari/537.36]
-> Exception of type 'System.Web.HttpUnhandledException' was thrown.
   at System.Web.UI.Page.HandleError(Exception e)
   at System.Web.UI.Page.ProcessRequestMain(Boolean includeStagesBeforeAsyncPoint, Boolean includeStagesAfterAsyncPoint)
   at System.Web.UI.Page.ProcessRequest(Boolean includeStagesBeforeAsyncPoint, Boolean includeStagesAfterAsyncPoint)
   at System.Web.UI.Page.ProcessRequest()
   at System.Web.UI.Page.ProcessRequestWithNoAssert(HttpContext context)
   at System.Web.UI.Page.ProcessRequest(HttpContext context)
   at ASP.form_forum_forumtop_aspx.ProcessRequest(HttpContext context) in c:\Users\romer\AppData\Local\Temp\Temporary ASP.NET Files\vs\b3d61826\4e34d6ee\App_Web_dmpdlgyr.0.cs:line 0
   at System.Web.HttpApplication.CallHandlerExecutionStep.System.Web.HttpApplication.IExecutionStep.Execute()
   at System.Web.HttpApplication.ExecuteStepImpl(IExecutionStep step)
   at System.Web.HttpApplication.ExecuteStep(IExecutionStep step, Boolean& completedSynchronously)
-> Object reference not set to an instance of an object.
   at Form_Forum_ForumTop.gvForum_RowDataBound(Object sender, GridViewRowEventArgs e) in c:\Users\romer\OneDrive\Documents\Visual Studio 2022\Projects\WebSites(RAUL_ROMERO)\RRP_Forum\Form\Forum\ForumTop.aspx.cs:line 575
   at System.Web.UI.WebControls.GridView.OnRowDataBound(GridViewRowEventArgs e)
   at System.Web.UI.WebControls.GridView.CreateRow(Int32 rowIndex, Int32 dataSourceIndex, DataControlRowType rowType, DataControlRowState rowState, Boolean dataBind, Object dataItem, DataControlField[] fields, TableRowCollection rows, PagedDataSource pagedDataSource)
   at System.Web.UI.WebControls.GridView.CreateChildControls(IEnumerable dataSource, Boolean dataBinding)
   at System.Web.UI.WebControls.CompositeDataBoundControl.PerformDataBinding(IEnumerable data)
   at System.Web.UI.WebControls.GridView.PerformDataBinding(IEnumerable data)
   at System.Web.UI.WebControls.DataBoundControl.OnDataSourceViewSelectCallback(IEnumerable data)
   at System.Web.UI.DataSourceView.Select(DataSourceSelectArguments arguments, DataSourceViewSelectCallback callback)
   at System.Web.UI.WebControls.DataBoundControl.PerformSelect()
   at System.Web.UI.WebControls.BaseDataBoundControl.DataBind()
   at System.Web.UI.WebControls.GridView.DataBind()
   at Form_Forum_ForumTop.Forum_BindData() in c:\Users\romer\OneDrive\Documents\Visual Studio 2022\Projects\WebSites(RAUL_ROMERO)\RRP_Forum\Form\Forum\ForumTop.aspx.cs:line 681
   at Form_Forum_ForumTop.Page_Load(Object sender, EventArgs e) in c:\Users\romer\OneDrive\Documents\Visual Studio 2022\Projects\WebSites(RAUL_ROMERO)\RRP_Forum\Form\Forum\ForumTop.aspx.cs:line 81
   at System.Web.Util.CalliEventHandlerDelegateProxy.Callback(Object sender, EventArgs e)
   at System.Web.UI.Control.OnLoad(EventArgs e)
   at System.Web.UI.Control.LoadRecursive()
   at System.Web.UI.Page.ProcessRequestMain(Boolean includeStagesBeforeAsyncPoint, Boolean includeStagesAfterAsyncPoint)

[error] 2025年9月17日11:34:03　/Form/Forum/ForumTop.aspx   [::1] [Mozilla/5.0 (Windows NT 10.0; Win64; x64) AppleWebKit/537.36 (KHTML, like Gecko) Chrome/140.0.0.0 Safari/537.36]
-> Exception of type 'System.Web.HttpUnhandledException' was thrown.
   at System.Web.UI.Page.HandleError(Exception e)
   at System.Web.UI.Page.ProcessRequestMain(Boolean includeStagesBeforeAsyncPoint, Boolean includeStagesAfterAsyncPoint)
   at System.Web.UI.Page.ProcessRequest(Boolean includeStagesBeforeAsyncPoint, Boolean includeStagesAfterAsyncPoint)
   at System.Web.UI.Page.ProcessRequest()
   at System.Web.UI.Page.ProcessRequestWithNoAssert(HttpContext context)
   at System.Web.UI.Page.ProcessRequest(HttpContext context)
   at ASP.form_forum_forumtop_aspx.ProcessRequest(HttpContext context) in c:\Users\romer\AppData\Local\Temp\Temporary ASP.NET Files\vs\b3d61826\4e34d6ee\App_Web_tte1hs22.0.cs:line 0
   at System.Web.HttpApplication.CallHandlerExecutionStep.System.Web.HttpApplication.IExecutionStep.Execute()
   at System.Web.HttpApplication.ExecuteStepImpl(IExecutionStep step)
   at System.Web.HttpApplication.ExecuteStep(IExecutionStep step, Boolean& completedSynchronously)
-> Object reference not set to an instance of an object.
   at Form_Forum_ForumTop.gvForum_RowDataBound(Object sender, GridViewRowEventArgs e) in c:\Users\romer\OneDrive\Documents\Visual Studio 2022\Projects\WebSites(RAUL_ROMERO)\RRP_Forum\Form\Forum\ForumTop.aspx.cs:line 575
   at System.Web.UI.WebControls.GridView.OnRowDataBound(GridViewRowEventArgs e)
   at System.Web.UI.WebControls.GridView.CreateRow(Int32 rowIndex, Int32 dataSourceIndex, DataControlRowType rowType, DataControlRowState rowState, Boolean dataBind, Object dataItem, DataControlField[] fields, TableRowCollection rows, PagedDataSource pagedDataSource)
   at System.Web.UI.WebControls.GridView.CreateChildControls(IEnumerable dataSource, Boolean dataBinding)
   at System.Web.UI.WebControls.CompositeDataBoundControl.PerformDataBinding(IEnumerable data)
   at System.Web.UI.WebControls.GridView.PerformDataBinding(IEnumerable data)
   at System.Web.UI.WebControls.DataBoundControl.OnDataSourceViewSelectCallback(IEnumerable data)
   at System.Web.UI.DataSourceView.Select(DataSourceSelectArguments arguments, DataSourceViewSelectCallback callback)
   at System.Web.UI.WebControls.DataBoundControl.PerformSelect()
   at System.Web.UI.WebControls.BaseDataBoundControl.DataBind()
   at System.Web.UI.WebControls.GridView.DataBind()
   at Form_Forum_ForumTop.Forum_BindData() in c:\Users\romer\OneDrive\Documents\Visual Studio 2022\Projects\WebSites(RAUL_ROMERO)\RRP_Forum\Form\Forum\ForumTop.aspx.cs:line 681
   at Form_Forum_ForumTop.Page_Load(Object sender, EventArgs e) in c:\Users\romer\OneDrive\Documents\Visual Studio 2022\Projects\WebSites(RAUL_ROMERO)\RRP_Forum\Form\Forum\ForumTop.aspx.cs:line 81
   at System.Web.Util.CalliEventHandlerDelegateProxy.Callback(Object sender, EventArgs e)
   at System.Web.UI.Control.OnLoad(EventArgs e)
   at System.Web.UI.Control.LoadRecursive()
   at System.Web.UI.Page.ProcessRequestMain(Boolean includeStagesBeforeAsyncPoint, Boolean includeStagesAfterAsyncPoint)

[error] 2025年9月17日11:39:24　/Form/User/UserModifyInput.aspx   [::1] [Mozilla/5.0 (Windows NT 10.0; Win64; x64) AppleWebKit/537.36 (KHTML, like Gecko) Chrome/140.0.0.0 Safari/537.36]
-> Exception of type 'System.Web.HttpUnhandledException' was thrown.
   at System.Web.UI.Page.HandleError(Exception e)
   at System.Web.UI.Page.ProcessRequestMain(Boolean includeStagesBeforeAsyncPoint, Boolean includeStagesAfterAsyncPoint)
   at System.Web.UI.Page.ProcessRequest(Boolean includeStagesBeforeAsyncPoint, Boolean includeStagesAfterAsyncPoint)
   at System.Web.UI.Page.ProcessRequest()
   at System.Web.UI.Page.ProcessRequestWithNoAssert(HttpContext context)
   at System.Web.UI.Page.ProcessRequest(HttpContext context)
   at ASP.form_user_usermodifyinput_aspx.ProcessRequest(HttpContext context) in c:\Users\romer\AppData\Local\Temp\Temporary ASP.NET Files\vs\b3d61826\4e34d6ee\App_Web_4bl4giej.4.cs:line 0
   at System.Web.HttpApplication.CallHandlerExecutionStep.System.Web.HttpApplication.IExecutionStep.Execute()
   at System.Web.HttpApplication.ExecuteStepImpl(IExecutionStep step)
   at System.Web.HttpApplication.ExecuteStep(IExecutionStep step, Boolean& completedSynchronously)
-> Object reference not set to an instance of an object.
   at Form_User_UserModifyInput.btnUserModify_Click(Object sender, EventArgs e) in c:\Users\romer\OneDrive\Documents\Visual Studio 2022\Projects\WebSites(RAUL_ROMERO)\RRP_Forum\Form\User\UserModifyInput.aspx.cs:line 34
   at System.Web.UI.WebControls.Button.OnClick(EventArgs e)
   at System.Web.UI.WebControls.Button.RaisePostBackEvent(String eventArgument)
   at System.Web.UI.WebControls.Button.System.Web.UI.IPostBackEventHandler.RaisePostBackEvent(String eventArgument)
   at System.Web.UI.Page.RaisePostBackEvent(IPostBackEventHandler sourceControl, String eventArgument)
   at System.Web.UI.Page.RaisePostBackEvent(NameValueCollection postData)
   at System.Web.UI.Page.ProcessRequestMain(Boolean includeStagesBeforeAsyncPoint, Boolean includeStagesAfterAsyncPoint)

[error] 2025年9月17日13:28:53　/Form/Forum/ForumTop.aspx   [::1] [Mozilla/5.0 (Windows NT 10.0; Win64; x64) AppleWebKit/537.36 (KHTML, like Gecko) Chrome/140.0.0.0 Safari/537.36]
-> Exception of type 'System.Web.HttpUnhandledException' was thrown.
   at System.Web.UI.Page.HandleError(Exception e)
   at System.Web.UI.Page.ProcessRequestMain(Boolean includeStagesBeforeAsyncPoint, Boolean includeStagesAfterAsyncPoint)
   at System.Web.UI.Page.ProcessRequest(Boolean includeStagesBeforeAsyncPoint, Boolean includeStagesAfterAsyncPoint)
   at System.Web.UI.Page.ProcessRequest()
   at System.Web.UI.Page.ProcessRequestWithNoAssert(HttpContext context)
   at System.Web.UI.Page.ProcessRequest(HttpContext context)
   at ASP.form_forum_forumtop_aspx.ProcessRequest(HttpContext context) in c:\Users\romer\AppData\Local\Temp\Temporary ASP.NET Files\vs\b3d61826\4e34d6ee\App_Web_jp505oa5.0.cs:line 0
   at System.Web.HttpApplication.CallHandlerExecutionStep.System.Web.HttpApplication.IExecutionStep.Execute()
   at System.Web.HttpApplication.ExecuteStepImpl(IExecutionStep step)
   at System.Web.HttpApplication.ExecuteStep(IExecutionStep step, Boolean& completedSynchronously)
-> Object reference not set to an instance of an object.
   at Form_Forum_ForumTop.gvForum_RowDataBound(Object sender, GridViewRowEventArgs e) in c:\Users\romer\OneDrive\Documents\Visual Studio 2022\Projects\WebSites(RAUL_ROMERO)\RRP_Forum\Form\Forum\ForumTop.aspx.cs:line 570
   at System.Web.UI.WebControls.GridView.OnRowDataBound(GridViewRowEventArgs e)
   at System.Web.UI.WebControls.GridView.CreateRow(Int32 rowIndex, Int32 dataSourceIndex, DataControlRowType rowType, DataControlRowState rowState, Boolean dataBind, Object dataItem, DataControlField[] fields, TableRowCollection rows, PagedDataSource pagedDataSource)
   at System.Web.UI.WebControls.GridView.CreateChildControls(IEnumerable dataSource, Boolean dataBinding)
   at System.Web.UI.WebControls.CompositeDataBoundControl.PerformDataBinding(IEnumerable data)
   at System.Web.UI.WebControls.GridView.PerformDataBinding(IEnumerable data)
   at System.Web.UI.WebControls.DataBoundControl.OnDataSourceViewSelectCallback(IEnumerable data)
   at System.Web.UI.DataSourceView.Select(DataSourceSelectArguments arguments, DataSourceViewSelectCallback callback)
   at System.Web.UI.WebControls.DataBoundControl.PerformSelect()
   at System.Web.UI.WebControls.BaseDataBoundControl.DataBind()
   at System.Web.UI.WebControls.GridView.DataBind()
   at Form_Forum_ForumTop.Forum_BindData() in c:\Users\romer\OneDrive\Documents\Visual Studio 2022\Projects\WebSites(RAUL_ROMERO)\RRP_Forum\Form\Forum\ForumTop.aspx.cs:line 676
   at Form_Forum_ForumTop.Page_Load(Object sender, EventArgs e) in c:\Users\romer\OneDrive\Documents\Visual Studio 2022\Projects\WebSites(RAUL_ROMERO)\RRP_Forum\Form\Forum\ForumTop.aspx.cs:line 81
   at System.Web.Util.CalliEventHandlerDelegateProxy.Callback(Object sender, EventArgs e)
   at System.Web.UI.Control.OnLoad(EventArgs e)
   at System.Web.UI.Control.LoadRecursive()
   at System.Web.UI.Page.ProcessRequestMain(Boolean includeStagesBeforeAsyncPoint, Boolean includeStagesAfterAsyncPoint)

[error] 2025年9月17日13:36:26　/Form/Forum/ForumTop.aspx   [::1] [Mozilla/5.0 (Windows NT 10.0; Win64; x64) AppleWebKit/537.36 (KHTML, like Gecko) Chrome/140.0.0.0 Safari/537.36]
-> Exception of type 'System.Web.HttpUnhandledException' was thrown.
   at System.Web.UI.Page.HandleError(Exception e)
   at System.Web.UI.Page.ProcessRequestMain(Boolean includeStagesBeforeAsyncPoint, Boolean includeStagesAfterAsyncPoint)
   at System.Web.UI.Page.ProcessRequest(Boolean includeStagesBeforeAsyncPoint, Boolean includeStagesAfterAsyncPoint)
   at System.Web.UI.Page.ProcessRequest()
   at System.Web.UI.Page.ProcessRequestWithNoAssert(HttpContext context)
   at System.Web.UI.Page.ProcessRequest(HttpContext context)
   at ASP.form_forum_forumtop_aspx.ProcessRequest(HttpContext context) in c:\Users\romer\AppData\Local\Temp\Temporary ASP.NET Files\vs\b3d61826\4e34d6ee\App_Web_elazqwrm.0.cs:line 0
   at System.Web.HttpApplication.CallHandlerExecutionStep.System.Web.HttpApplication.IExecutionStep.Execute()
   at System.Web.HttpApplication.ExecuteStepImpl(IExecutionStep step)
   at System.Web.HttpApplication.ExecuteStep(IExecutionStep step, Boolean& completedSynchronously)
-> ステートメントForumRes/Getで例外が発生しました。
---デバッグ用SQLパラメタ----
DECLARE @forum_id Int
DECLARE @offset Int
SET @forum_id = '1'
SET @offset = '0'

-------

         SELECT '#' + RIGHT('#000' + CAST(FR.[forum_res_id] AS VARCHAR(3)), 3) AS forum_res_id,
                U.[name] AS name,
                FORMAT(FR.[date_created], 'yyyy-MM-dd HH:mm:ss') AS date_created,
                FR.[forum_res_title],
                FR.[forum_res_text]
           FROM [dbo].[ForumRes] AS FR
     INNER JOIN [dbo].[Forum] AS F
             ON FR.[forum_id] = F.[forum_id]
     INNER JOIN [dbo].[User] AS U
             ON FR.[user_id] = U.[user_id]
          WHERE FR.[forum_id] = @forum_id AND FR.[delete_flg] = '0' AND U.['delete_flg'] = 0
       ORDER BY FR.[date_created] ASC
         OFFSET @offset ROWS FETCH NEXT 3 ROWS ONLY
      
-------

   at w2.Common.Sql.SqlStatement.SelectStatement(SqlAccessor sqlAccessor, IDictionary input) in c:\Users\ochiai\Documents\Visual Studio 2012\WebSites\w2.Common\Sql\SqlStatement.cs:line 375
   at w2.Common.Sql.SqlStatement.SelectStatementWithOC(SqlAccessor sqlAccessor, IDictionary input) in c:\Users\ochiai\Documents\Visual Studio 2012\WebSites\w2.Common\Sql\SqlStatement.cs:line 328
   at Form_Forum_ForumTop.Get_ForumRes(Int32 forum_id) in c:\Users\romer\OneDrive\Documents\Visual Studio 2022\Projects\WebSites(RAUL_ROMERO)\RRP_Forum\Form\Forum\ForumTop.aspx.cs:line 1135
   at Form_Forum_ForumTop.gvForum_RowCommand(Object sender, GridViewCommandEventArgs e) in c:\Users\romer\OneDrive\Documents\Visual Studio 2022\Projects\WebSites(RAUL_ROMERO)\RRP_Forum\Form\Forum\ForumTop.aspx.cs:line 180
   at System.Web.UI.WebControls.GridView.OnRowCommand(GridViewCommandEventArgs e)
   at System.Web.UI.WebControls.GridView.HandleEvent(EventArgs e, Boolean causesValidation, String validationGroup)
   at System.Web.UI.WebControls.GridView.OnBubbleEvent(Object source, EventArgs e)
   at System.Web.UI.Control.RaiseBubbleEvent(Object source, EventArgs args)
   at System.Web.UI.WebControls.GridViewRow.OnBubbleEvent(Object source, EventArgs e)
   at System.Web.UI.Control.RaiseBubbleEvent(Object source, EventArgs args)
   at System.Web.UI.WebControls.LinkButton.OnCommand(CommandEventArgs e)
   at System.Web.UI.WebControls.LinkButton.RaisePostBackEvent(String eventArgument)
   at System.Web.UI.WebControls.LinkButton.System.Web.UI.IPostBackEventHandler.RaisePostBackEvent(String eventArgument)
   at System.Web.UI.Page.RaisePostBackEvent(IPostBackEventHandler sourceControl, String eventArgument)
   at System.Web.UI.Page.RaisePostBackEvent(NameValueCollection postData)
   at System.Web.UI.Page.ProcessRequestMain(Boolean includeStagesBeforeAsyncPoint, Boolean includeStagesAfterAsyncPoint)
-> Invalid column name ''delete_flg''.
   at System.Data.SqlClient.SqlConnection.OnError(SqlException exception, Boolean breakConnection, Action`1 wrapCloseInAction)
   at System.Data.SqlClient.TdsParser.ThrowExceptionAndWarning(TdsParserStateObject stateObj, Boolean callerHasConnectionLock, Boolean asyncClose)
   at System.Data.SqlClient.TdsParser.TryRun(RunBehavior runBehavior, SqlCommand cmdHandler, SqlDataReader dataStream, BulkCopySimpleResultSet bulkCopyHandler, TdsParserStateObject stateObj, Boolean& dataReady)
   at System.Data.SqlClient.SqlDataReader.TryConsumeMetaData()
   at System.Data.SqlClient.SqlDataReader.get_MetaData()
   at System.Data.SqlClient.SqlCommand.FinishExecuteReader(SqlDataReader ds, RunBehavior runBehavior, String resetOptionsString, Boolean isInternal, Boolean forDescribeParameterEncryption, Boolean shouldCacheForAlwaysEncrypted)
   at System.Data.SqlClient.SqlCommand.RunExecuteReaderTds(CommandBehavior cmdBehavior, RunBehavior runBehavior, Boolean returnStream, Boolean async, Int32 timeout, Task& task, Boolean asyncWrite, Boolean inRetry, SqlDataReader ds, Boolean describeParameterEncryptionRequest)
   at System.Data.SqlClient.SqlCommand.RunExecuteReader(CommandBehavior cmdBehavior, RunBehavior runBehavior, Boolean returnStream, String method, TaskCompletionSource`1 completion, Int32 timeout, Task& task, Boolean& usedCache, Boolean asyncWrite, Boolean inRetry)
   at System.Data.SqlClient.SqlCommand.RunExecuteReader(CommandBehavior cmdBehavior, RunBehavior runBehavior, Boolean returnStream, String method)
   at System.Data.SqlClient.SqlCommand.ExecuteReader(CommandBehavior behavior, String method)
   at System.Data.Common.DbDataAdapter.FillInternal(DataSet dataset, DataTable[] datatables, Int32 startRecord, Int32 maxRecords, String srcTable, IDbCommand command, CommandBehavior behavior)
   at System.Data.Common.DbDataAdapter.Fill(DataSet dataSet, Int32 startRecord, Int32 maxRecords, String srcTable, IDbCommand command, CommandBehavior behavior)
   at System.Data.Common.DbDataAdapter.Fill(DataSet dataSet)
   at w2.Common.Sql.SqlAccessor.Select(SqlCommand sqlCommand) in c:\Users\ochiai\Documents\Visual Studio 2012\WebSites\w2.Common\Sql\SqlAccessor.cs:line 204
   at w2.Common.Sql.SqlStatement.SelectStatement(SqlAccessor sqlAccessor, IDictionary input) in c:\Users\ochiai\Documents\Visual Studio 2012\WebSites\w2.Common\Sql\SqlStatement.cs:line 369

[error] 2025年9月17日13:37:14　/Form/Forum/ForumTop.aspx   [::1] [Mozilla/5.0 (Windows NT 10.0; Win64; x64) AppleWebKit/537.36 (KHTML, like Gecko) Chrome/140.0.0.0 Safari/537.36]
-> Exception of type 'System.Web.HttpUnhandledException' was thrown.
   at System.Web.UI.Page.HandleError(Exception e)
   at System.Web.UI.Page.ProcessRequestMain(Boolean includeStagesBeforeAsyncPoint, Boolean includeStagesAfterAsyncPoint)
   at System.Web.UI.Page.ProcessRequest(Boolean includeStagesBeforeAsyncPoint, Boolean includeStagesAfterAsyncPoint)
   at System.Web.UI.Page.ProcessRequest()
   at System.Web.UI.Page.ProcessRequestWithNoAssert(HttpContext context)
   at System.Web.UI.Page.ProcessRequest(HttpContext context)
   at ASP.form_forum_forumtop_aspx.ProcessRequest(HttpContext context) in c:\Users\romer\AppData\Local\Temp\Temporary ASP.NET Files\vs\b3d61826\4e34d6ee\App_Web_elazqwrm.0.cs:line 0
   at System.Web.HttpApplication.CallHandlerExecutionStep.System.Web.HttpApplication.IExecutionStep.Execute()
   at System.Web.HttpApplication.ExecuteStepImpl(IExecutionStep step)
   at System.Web.HttpApplication.ExecuteStep(IExecutionStep step, Boolean& completedSynchronously)
-> ステートメントForumRes/Getで例外が発生しました。
---デバッグ用SQLパラメタ----
DECLARE @forum_id Int
DECLARE @offset Int
SET @forum_id = '1'
SET @offset = '0'

-------

         SELECT '#' + RIGHT('#000' + CAST(FR.[forum_res_id] AS VARCHAR(3)), 3) AS forum_res_id,
                U.[name] AS name,
                FORMAT(FR.[date_created], 'yyyy-MM-dd HH:mm:ss') AS date_created,
                FR.[forum_res_title],
                FR.[forum_res_text]
           FROM [dbo].[ForumRes] AS FR
     INNER JOIN [dbo].[Forum] AS F
             ON FR.[forum_id] = F.[forum_id]
     INNER JOIN [dbo].[User] AS U
             ON FR.[user_id] = U.[user_id]
          WHERE FR.[forum_id] = @forum_id AND FR.[delete_flg] = '0' AND U.['delete_flg'] = 0
       ORDER BY FR.[date_created] ASC
         OFFSET @offset ROWS FETCH NEXT 3 ROWS ONLY
      
-------

   at w2.Common.Sql.SqlStatement.SelectStatement(SqlAccessor sqlAccessor, IDictionary input) in c:\Users\ochiai\Documents\Visual Studio 2012\WebSites\w2.Common\Sql\SqlStatement.cs:line 375
   at w2.Common.Sql.SqlStatement.SelectStatementWithOC(SqlAccessor sqlAccessor, IDictionary input) in c:\Users\ochiai\Documents\Visual Studio 2012\WebSites\w2.Common\Sql\SqlStatement.cs:line 328
   at Form_Forum_ForumTop.Get_ForumRes(Int32 forum_id) in c:\Users\romer\OneDrive\Documents\Visual Studio 2022\Projects\WebSites(RAUL_ROMERO)\RRP_Forum\Form\Forum\ForumTop.aspx.cs:line 1135
   at Form_Forum_ForumTop.gvForum_RowCommand(Object sender, GridViewCommandEventArgs e) in c:\Users\romer\OneDrive\Documents\Visual Studio 2022\Projects\WebSites(RAUL_ROMERO)\RRP_Forum\Form\Forum\ForumTop.aspx.cs:line 180
   at System.Web.UI.WebControls.GridView.OnRowCommand(GridViewCommandEventArgs e)
   at System.Web.UI.WebControls.GridView.HandleEvent(EventArgs e, Boolean causesValidation, String validationGroup)
   at System.Web.UI.WebControls.GridView.OnBubbleEvent(Object source, EventArgs e)
   at System.Web.UI.Control.RaiseBubbleEvent(Object source, EventArgs args)
   at System.Web.UI.WebControls.GridViewRow.OnBubbleEvent(Object source, EventArgs e)
   at System.Web.UI.Control.RaiseBubbleEvent(Object source, EventArgs args)
   at System.Web.UI.WebControls.LinkButton.OnCommand(CommandEventArgs e)
   at System.Web.UI.WebControls.LinkButton.RaisePostBackEvent(String eventArgument)
   at System.Web.UI.WebControls.LinkButton.System.Web.UI.IPostBackEventHandler.RaisePostBackEvent(String eventArgument)
   at System.Web.UI.Page.RaisePostBackEvent(IPostBackEventHandler sourceControl, String eventArgument)
   at System.Web.UI.Page.RaisePostBackEvent(NameValueCollection postData)
   at System.Web.UI.Page.ProcessRequestMain(Boolean includeStagesBeforeAsyncPoint, Boolean includeStagesAfterAsyncPoint)
-> Invalid column name ''delete_flg''.
   at System.Data.SqlClient.SqlConnection.OnError(SqlException exception, Boolean breakConnection, Action`1 wrapCloseInAction)
   at System.Data.SqlClient.TdsParser.ThrowExceptionAndWarning(TdsParserStateObject stateObj, Boolean callerHasConnectionLock, Boolean asyncClose)
   at System.Data.SqlClient.TdsParser.TryRun(RunBehavior runBehavior, SqlCommand cmdHandler, SqlDataReader dataStream, BulkCopySimpleResultSet bulkCopyHandler, TdsParserStateObject stateObj, Boolean& dataReady)
   at System.Data.SqlClient.SqlDataReader.TryConsumeMetaData()
   at System.Data.SqlClient.SqlDataReader.get_MetaData()
   at System.Data.SqlClient.SqlCommand.FinishExecuteReader(SqlDataReader ds, RunBehavior runBehavior, String resetOptionsString, Boolean isInternal, Boolean forDescribeParameterEncryption, Boolean shouldCacheForAlwaysEncrypted)
   at System.Data.SqlClient.SqlCommand.RunExecuteReaderTds(CommandBehavior cmdBehavior, RunBehavior runBehavior, Boolean returnStream, Boolean async, Int32 timeout, Task& task, Boolean asyncWrite, Boolean inRetry, SqlDataReader ds, Boolean describeParameterEncryptionRequest)
   at System.Data.SqlClient.SqlCommand.RunExecuteReader(CommandBehavior cmdBehavior, RunBehavior runBehavior, Boolean returnStream, String method, TaskCompletionSource`1 completion, Int32 timeout, Task& task, Boolean& usedCache, Boolean asyncWrite, Boolean inRetry)
   at System.Data.SqlClient.SqlCommand.RunExecuteReader(CommandBehavior cmdBehavior, RunBehavior runBehavior, Boolean returnStream, String method)
   at System.Data.SqlClient.SqlCommand.ExecuteReader(CommandBehavior behavior, String method)
   at System.Data.Common.DbDataAdapter.FillInternal(DataSet dataset, DataTable[] datatables, Int32 startRecord, Int32 maxRecords, String srcTable, IDbCommand command, CommandBehavior behavior)
   at System.Data.Common.DbDataAdapter.Fill(DataSet dataSet, Int32 startRecord, Int32 maxRecords, String srcTable, IDbCommand command, CommandBehavior behavior)
   at System.Data.Common.DbDataAdapter.Fill(DataSet dataSet)
   at w2.Common.Sql.SqlAccessor.Select(SqlCommand sqlCommand) in c:\Users\ochiai\Documents\Visual Studio 2012\WebSites\w2.Common\Sql\SqlAccessor.cs:line 204
   at w2.Common.Sql.SqlStatement.SelectStatement(SqlAccessor sqlAccessor, IDictionary input) in c:\Users\ochiai\Documents\Visual Studio 2012\WebSites\w2.Common\Sql\SqlStatement.cs:line 369

[error] 2025年9月17日13:39:41　/Form/Forum/ForumTop.aspx   [::1] [Mozilla/5.0 (Windows NT 10.0; Win64; x64) AppleWebKit/537.36 (KHTML, like Gecko) Chrome/140.0.0.0 Safari/537.36]
-> Exception of type 'System.Web.HttpUnhandledException' was thrown.
   at System.Web.UI.Page.HandleError(Exception e)
   at System.Web.UI.Page.ProcessRequestMain(Boolean includeStagesBeforeAsyncPoint, Boolean includeStagesAfterAsyncPoint)
   at System.Web.UI.Page.ProcessRequest(Boolean includeStagesBeforeAsyncPoint, Boolean includeStagesAfterAsyncPoint)
   at System.Web.UI.Page.ProcessRequest()
   at System.Web.UI.Page.ProcessRequestWithNoAssert(HttpContext context)
   at System.Web.UI.Page.ProcessRequest(HttpContext context)
   at ASP.form_forum_forumtop_aspx.ProcessRequest(HttpContext context) in c:\Users\romer\AppData\Local\Temp\Temporary ASP.NET Files\vs\b3d61826\4e34d6ee\App_Web_nxcamuun.0.cs:line 0
   at System.Web.HttpApplication.CallHandlerExecutionStep.System.Web.HttpApplication.IExecutionStep.Execute()
   at System.Web.HttpApplication.ExecuteStepImpl(IExecutionStep step)
   at System.Web.HttpApplication.ExecuteStep(IExecutionStep step, Boolean& completedSynchronously)
-> ステートメントForumRes/Getで例外が発生しました。
---デバッグ用SQLパラメタ----
DECLARE @forum_id Int
DECLARE @offset Int
SET @forum_id = '1'
SET @offset = '0'

-------

         SELECT '#' + RIGHT('#000' + CAST(FR.[forum_res_id] AS VARCHAR(3)), 3) AS forum_res_id,
                U.[name] AS name,
                FORMAT(FR.[date_created], 'yyyy-MM-dd HH:mm:ss') AS date_created,
                FR.[forum_res_title],
                FR.[forum_res_text]
           FROM [dbo].[ForumRes] AS FR
     INNER JOIN [dbo].[Forum] AS F
             ON FR.[forum_id] = F.[forum_id]
     INNER JOIN [dbo].[User] AS U
             ON FR.[user_id] = U.[user_id]
          WHERE FR.[forum_id] = @forum_id AND FR.[delete_flg] = '0' AND U.['delete_flg'] = 0
       ORDER BY FR.[date_created] ASC
         OFFSET @offset ROWS FETCH NEXT 3 ROWS ONLY
      
-------

   at w2.Common.Sql.SqlStatement.SelectStatement(SqlAccessor sqlAccessor, IDictionary input) in c:\Users\ochiai\Documents\Visual Studio 2012\WebSites\w2.Common\Sql\SqlStatement.cs:line 375
   at w2.Common.Sql.SqlStatement.SelectStatementWithOC(SqlAccessor sqlAccessor, IDictionary input) in c:\Users\ochiai\Documents\Visual Studio 2012\WebSites\w2.Common\Sql\SqlStatement.cs:line 328
   at Form_Forum_ForumTop.Get_ForumRes(Int32 forum_id) in c:\Users\romer\OneDrive\Documents\Visual Studio 2022\Projects\WebSites(RAUL_ROMERO)\RRP_Forum\Form\Forum\ForumTop.aspx.cs:line 1135
   at Form_Forum_ForumTop.gvForum_RowCommand(Object sender, GridViewCommandEventArgs e) in c:\Users\romer\OneDrive\Documents\Visual Studio 2022\Projects\WebSites(RAUL_ROMERO)\RRP_Forum\Form\Forum\ForumTop.aspx.cs:line 180
   at System.Web.UI.WebControls.GridView.OnRowCommand(GridViewCommandEventArgs e)
   at System.Web.UI.WebControls.GridView.HandleEvent(EventArgs e, Boolean causesValidation, String validationGroup)
   at System.Web.UI.WebControls.GridView.OnBubbleEvent(Object source, EventArgs e)
   at System.Web.UI.Control.RaiseBubbleEvent(Object source, EventArgs args)
   at System.Web.UI.WebControls.GridViewRow.OnBubbleEvent(Object source, EventArgs e)
   at System.Web.UI.Control.RaiseBubbleEvent(Object source, EventArgs args)
   at System.Web.UI.WebControls.LinkButton.OnCommand(CommandEventArgs e)
   at System.Web.UI.WebControls.LinkButton.RaisePostBackEvent(String eventArgument)
   at System.Web.UI.WebControls.LinkButton.System.Web.UI.IPostBackEventHandler.RaisePostBackEvent(String eventArgument)
   at System.Web.UI.Page.RaisePostBackEvent(IPostBackEventHandler sourceControl, String eventArgument)
   at System.Web.UI.Page.RaisePostBackEvent(NameValueCollection postData)
   at System.Web.UI.Page.ProcessRequestMain(Boolean includeStagesBeforeAsyncPoint, Boolean includeStagesAfterAsyncPoint)
-> Invalid column name ''delete_flg''.
   at System.Data.SqlClient.SqlConnection.OnError(SqlException exception, Boolean breakConnection, Action`1 wrapCloseInAction)
   at System.Data.SqlClient.TdsParser.ThrowExceptionAndWarning(TdsParserStateObject stateObj, Boolean callerHasConnectionLock, Boolean asyncClose)
   at System.Data.SqlClient.TdsParser.TryRun(RunBehavior runBehavior, SqlCommand cmdHandler, SqlDataReader dataStream, BulkCopySimpleResultSet bulkCopyHandler, TdsParserStateObject stateObj, Boolean& dataReady)
   at System.Data.SqlClient.SqlDataReader.TryConsumeMetaData()
   at System.Data.SqlClient.SqlDataReader.get_MetaData()
   at System.Data.SqlClient.SqlCommand.FinishExecuteReader(SqlDataReader ds, RunBehavior runBehavior, String resetOptionsString, Boolean isInternal, Boolean forDescribeParameterEncryption, Boolean shouldCacheForAlwaysEncrypted)
   at System.Data.SqlClient.SqlCommand.RunExecuteReaderTds(CommandBehavior cmdBehavior, RunBehavior runBehavior, Boolean returnStream, Boolean async, Int32 timeout, Task& task, Boolean asyncWrite, Boolean inRetry, SqlDataReader ds, Boolean describeParameterEncryptionRequest)
   at System.Data.SqlClient.SqlCommand.RunExecuteReader(CommandBehavior cmdBehavior, RunBehavior runBehavior, Boolean returnStream, String method, TaskCompletionSource`1 completion, Int32 timeout, Task& task, Boolean& usedCache, Boolean asyncWrite, Boolean inRetry)
   at System.Data.SqlClient.SqlCommand.RunExecuteReader(CommandBehavior cmdBehavior, RunBehavior runBehavior, Boolean returnStream, String method)
   at System.Data.SqlClient.SqlCommand.ExecuteReader(CommandBehavior behavior, String method)
   at System.Data.Common.DbDataAdapter.FillInternal(DataSet dataset, DataTable[] datatables, Int32 startRecord, Int32 maxRecords, String srcTable, IDbCommand command, CommandBehavior behavior)
   at System.Data.Common.DbDataAdapter.Fill(DataSet dataSet, Int32 startRecord, Int32 maxRecords, String srcTable, IDbCommand command, CommandBehavior behavior)
   at System.Data.Common.DbDataAdapter.Fill(DataSet dataSet)
   at w2.Common.Sql.SqlAccessor.Select(SqlCommand sqlCommand) in c:\Users\ochiai\Documents\Visual Studio 2012\WebSites\w2.Common\Sql\SqlAccessor.cs:line 204
   at w2.Common.Sql.SqlStatement.SelectStatement(SqlAccessor sqlAccessor, IDictionary input) in c:\Users\ochiai\Documents\Visual Studio 2012\WebSites\w2.Common\Sql\SqlStatement.cs:line 369

[error] 2025年9月17日13:40:37　/Form/Forum/ForumTop.aspx   [::1] [Mozilla/5.0 (Windows NT 10.0; Win64; x64) AppleWebKit/537.36 (KHTML, like Gecko) Chrome/140.0.0.0 Safari/537.36]
-> Exception of type 'System.Web.HttpUnhandledException' was thrown.
   at System.Web.UI.Page.HandleError(Exception e)
   at System.Web.UI.Page.ProcessRequestMain(Boolean includeStagesBeforeAsyncPoint, Boolean includeStagesAfterAsyncPoint)
   at System.Web.UI.Page.ProcessRequest(Boolean includeStagesBeforeAsyncPoint, Boolean includeStagesAfterAsyncPoint)
   at System.Web.UI.Page.ProcessRequest()
   at System.Web.UI.Page.ProcessRequestWithNoAssert(HttpContext context)
   at System.Web.UI.Page.ProcessRequest(HttpContext context)
   at ASP.form_forum_forumtop_aspx.ProcessRequest(HttpContext context) in c:\Users\romer\AppData\Local\Temp\Temporary ASP.NET Files\vs\b3d61826\4e34d6ee\App_Web_nxcamuun.0.cs:line 0
   at System.Web.HttpApplication.CallHandlerExecutionStep.System.Web.HttpApplication.IExecutionStep.Execute()
   at System.Web.HttpApplication.ExecuteStepImpl(IExecutionStep step)
   at System.Web.HttpApplication.ExecuteStep(IExecutionStep step, Boolean& completedSynchronously)
-> ステートメントForumRes/Getで例外が発生しました。
---デバッグ用SQLパラメタ----
DECLARE @forum_id Int
DECLARE @offset Int
SET @forum_id = '1'
SET @offset = '0'

-------

         SELECT '#' + RIGHT('#000' + CAST(FR.[forum_res_id] AS VARCHAR(3)), 3) AS forum_res_id,
                U.[name] AS name,
                FORMAT(FR.[date_created], 'yyyy-MM-dd HH:mm:ss') AS date_created,
                FR.[forum_res_title],
                FR.[forum_res_text]
           FROM [dbo].[ForumRes] AS FR
     INNER JOIN [dbo].[Forum] AS F
             ON FR.[forum_id] = F.[forum_id]
     INNER JOIN [dbo].[User] AS U
             ON FR.[user_id] = U.[user_id]
          WHERE FR.[forum_id] = @forum_id AND FR.[delete_flg] = '0' AND U.['delete_flg'] = 0
       ORDER BY FR.[date_created] ASC
         OFFSET @offset ROWS FETCH NEXT 3 ROWS ONLY
      
-------

   at w2.Common.Sql.SqlStatement.SelectStatement(SqlAccessor sqlAccessor, IDictionary input) in c:\Users\ochiai\Documents\Visual Studio 2012\WebSites\w2.Common\Sql\SqlStatement.cs:line 375
   at w2.Common.Sql.SqlStatement.SelectStatementWithOC(SqlAccessor sqlAccessor, IDictionary input) in c:\Users\ochiai\Documents\Visual Studio 2012\WebSites\w2.Common\Sql\SqlStatement.cs:line 328
   at Form_Forum_ForumTop.Get_ForumRes(Int32 forum_id) in c:\Users\romer\OneDrive\Documents\Visual Studio 2022\Projects\WebSites(RAUL_ROMERO)\RRP_Forum\Form\Forum\ForumTop.aspx.cs:line 1135
   at Form_Forum_ForumTop.gvForum_RowCommand(Object sender, GridViewCommandEventArgs e) in c:\Users\romer\OneDrive\Documents\Visual Studio 2022\Projects\WebSites(RAUL_ROMERO)\RRP_Forum\Form\Forum\ForumTop.aspx.cs:line 180
   at System.Web.UI.WebControls.GridView.OnRowCommand(GridViewCommandEventArgs e)
   at System.Web.UI.WebControls.GridView.HandleEvent(EventArgs e, Boolean causesValidation, String validationGroup)
   at System.Web.UI.WebControls.GridView.OnBubbleEvent(Object source, EventArgs e)
   at System.Web.UI.Control.RaiseBubbleEvent(Object source, EventArgs args)
   at System.Web.UI.WebControls.GridViewRow.OnBubbleEvent(Object source, EventArgs e)
   at System.Web.UI.Control.RaiseBubbleEvent(Object source, EventArgs args)
   at System.Web.UI.WebControls.LinkButton.OnCommand(CommandEventArgs e)
   at System.Web.UI.WebControls.LinkButton.RaisePostBackEvent(String eventArgument)
   at System.Web.UI.WebControls.LinkButton.System.Web.UI.IPostBackEventHandler.RaisePostBackEvent(String eventArgument)
   at System.Web.UI.Page.RaisePostBackEvent(IPostBackEventHandler sourceControl, String eventArgument)
   at System.Web.UI.Page.RaisePostBackEvent(NameValueCollection postData)
   at System.Web.UI.Page.ProcessRequestMain(Boolean includeStagesBeforeAsyncPoint, Boolean includeStagesAfterAsyncPoint)
-> Invalid column name ''delete_flg''.
   at System.Data.SqlClient.SqlConnection.OnError(SqlException exception, Boolean breakConnection, Action`1 wrapCloseInAction)
   at System.Data.SqlClient.TdsParser.ThrowExceptionAndWarning(TdsParserStateObject stateObj, Boolean callerHasConnectionLock, Boolean asyncClose)
   at System.Data.SqlClient.TdsParser.TryRun(RunBehavior runBehavior, SqlCommand cmdHandler, SqlDataReader dataStream, BulkCopySimpleResultSet bulkCopyHandler, TdsParserStateObject stateObj, Boolean& dataReady)
   at System.Data.SqlClient.SqlDataReader.TryConsumeMetaData()
   at System.Data.SqlClient.SqlDataReader.get_MetaData()
   at System.Data.SqlClient.SqlCommand.FinishExecuteReader(SqlDataReader ds, RunBehavior runBehavior, String resetOptionsString, Boolean isInternal, Boolean forDescribeParameterEncryption, Boolean shouldCacheForAlwaysEncrypted)
   at System.Data.SqlClient.SqlCommand.RunExecuteReaderTds(CommandBehavior cmdBehavior, RunBehavior runBehavior, Boolean returnStream, Boolean async, Int32 timeout, Task& task, Boolean asyncWrite, Boolean inRetry, SqlDataReader ds, Boolean describeParameterEncryptionRequest)
   at System.Data.SqlClient.SqlCommand.RunExecuteReader(CommandBehavior cmdBehavior, RunBehavior runBehavior, Boolean returnStream, String method, TaskCompletionSource`1 completion, Int32 timeout, Task& task, Boolean& usedCache, Boolean asyncWrite, Boolean inRetry)
   at System.Data.SqlClient.SqlCommand.RunExecuteReader(CommandBehavior cmdBehavior, RunBehavior runBehavior, Boolean returnStream, String method)
   at System.Data.SqlClient.SqlCommand.ExecuteReader(CommandBehavior behavior, String method)
   at System.Data.Common.DbDataAdapter.FillInternal(DataSet dataset, DataTable[] datatables, Int32 startRecord, Int32 maxRecords, String srcTable, IDbCommand command, CommandBehavior behavior)
   at System.Data.Common.DbDataAdapter.Fill(DataSet dataSet, Int32 startRecord, Int32 maxRecords, String srcTable, IDbCommand command, CommandBehavior behavior)
   at System.Data.Common.DbDataAdapter.Fill(DataSet dataSet)
   at w2.Common.Sql.SqlAccessor.Select(SqlCommand sqlCommand) in c:\Users\ochiai\Documents\Visual Studio 2012\WebSites\w2.Common\Sql\SqlAccessor.cs:line 204
   at w2.Common.Sql.SqlStatement.SelectStatement(SqlAccessor sqlAccessor, IDictionary input) in c:\Users\ochiai\Documents\Visual Studio 2012\WebSites\w2.Common\Sql\SqlStatement.cs:line 369

[error] 2025年9月17日13:56:31　/Form/Forum/ForumTop.aspx   [::1] [Mozilla/5.0 (Windows NT 10.0; Win64; x64) AppleWebKit/537.36 (KHTML, like Gecko) Chrome/140.0.0.0 Safari/537.36]
-> Exception of type 'System.Web.HttpUnhandledException' was thrown.
   at System.Web.UI.Page.HandleError(Exception e)
   at System.Web.UI.Page.ProcessRequestMain(Boolean includeStagesBeforeAsyncPoint, Boolean includeStagesAfterAsyncPoint)
   at System.Web.UI.Page.ProcessRequest(Boolean includeStagesBeforeAsyncPoint, Boolean includeStagesAfterAsyncPoint)
   at System.Web.UI.Page.ProcessRequest()
   at System.Web.UI.Page.ProcessRequestWithNoAssert(HttpContext context)
   at System.Web.UI.Page.ProcessRequest(HttpContext context)
   at ASP.form_forum_forumtop_aspx.ProcessRequest(HttpContext context) in c:\Users\romer\AppData\Local\Temp\Temporary ASP.NET Files\vs\b3d61826\4e34d6ee\App_Web_1bgwknej.0.cs:line 0
   at System.Web.HttpApplication.CallHandlerExecutionStep.System.Web.HttpApplication.IExecutionStep.Execute()
   at System.Web.HttpApplication.ExecuteStepImpl(IExecutionStep step)
   at System.Web.HttpApplication.ExecuteStep(IExecutionStep step, Boolean& completedSynchronously)
-> ステートメントForum/Getで例外が発生しました。
---デバッグ用SQLパラメタ----
DECLARE @offset Int
DECLARE @page_size Int
SET @offset = '0'
SET @page_size = '10'

-------

         SELECT '#' + RIGHT('000' + CAST(F.[forum_id] AS VARCHAR(3)), 3) AS forum_id,
                IIF(U.[delete_flg] = '0', U.[name], "**退会済みユーザ**") AS name,
                FORMAT(F.[date_created], 'yyyy-MM-dd HH:mm:ss') AS date_created,
                F.[forum_title],
                F.[forum_text],
                U.[user_id] AS user_id
           FROM [dbo].[Forum] AS F
     INNER JOIN [dbo].[User] AS U
             ON F.[user_id] = U.[user_id]
          WHERE F.[delete_flg] = '0'
       ORDER BY F.[forum_id]
         OFFSET @offset ROWS FETCH NEXT @page_size ROWS ONLY
      
-------

   at w2.Common.Sql.SqlStatement.SelectStatement(SqlAccessor sqlAccessor, IDictionary input) in c:\Users\ochiai\Documents\Visual Studio 2012\WebSites\w2.Common\Sql\SqlStatement.cs:line 375
   at w2.Common.Sql.SqlStatement.SelectStatementWithOC(SqlAccessor sqlAccessor, IDictionary input) in c:\Users\ochiai\Documents\Visual Studio 2012\WebSites\w2.Common\Sql\SqlStatement.cs:line 328
   at Form_Forum_ForumTop.Get_Forum() in c:\Users\romer\OneDrive\Documents\Visual Studio 2022\Projects\WebSites(RAUL_ROMERO)\RRP_Forum\Form\Forum\ForumTop.aspx.cs:line 1004
   at Form_Forum_ForumTop.Forum_BindData() in c:\Users\romer\OneDrive\Documents\Visual Studio 2022\Projects\WebSites(RAUL_ROMERO)\RRP_Forum\Form\Forum\ForumTop.aspx.cs:line 673
   at Form_Forum_ForumTop.Page_Load(Object sender, EventArgs e) in c:\Users\romer\OneDrive\Documents\Visual Studio 2022\Projects\WebSites(RAUL_ROMERO)\RRP_Forum\Form\Forum\ForumTop.aspx.cs:line 81
   at System.Web.Util.CalliEventHandlerDelegateProxy.Callback(Object sender, EventArgs e)
   at System.Web.UI.Control.OnLoad(EventArgs e)
   at System.Web.UI.Control.LoadRecursive()
   at System.Web.UI.Page.ProcessRequestMain(Boolean includeStagesBeforeAsyncPoint, Boolean includeStagesAfterAsyncPoint)
-> Invalid column name '**退会済みユーザ**'.
   at System.Data.SqlClient.SqlConnection.OnError(SqlException exception, Boolean breakConnection, Action`1 wrapCloseInAction)
   at System.Data.SqlClient.TdsParser.ThrowExceptionAndWarning(TdsParserStateObject stateObj, Boolean callerHasConnectionLock, Boolean asyncClose)
   at System.Data.SqlClient.TdsParser.TryRun(RunBehavior runBehavior, SqlCommand cmdHandler, SqlDataReader dataStream, BulkCopySimpleResultSet bulkCopyHandler, TdsParserStateObject stateObj, Boolean& dataReady)
   at System.Data.SqlClient.SqlDataReader.TryConsumeMetaData()
   at System.Data.SqlClient.SqlDataReader.get_MetaData()
   at System.Data.SqlClient.SqlCommand.FinishExecuteReader(SqlDataReader ds, RunBehavior runBehavior, String resetOptionsString, Boolean isInternal, Boolean forDescribeParameterEncryption, Boolean shouldCacheForAlwaysEncrypted)
   at System.Data.SqlClient.SqlCommand.RunExecuteReaderTds(CommandBehavior cmdBehavior, RunBehavior runBehavior, Boolean returnStream, Boolean async, Int32 timeout, Task& task, Boolean asyncWrite, Boolean inRetry, SqlDataReader ds, Boolean describeParameterEncryptionRequest)
   at System.Data.SqlClient.SqlCommand.RunExecuteReader(CommandBehavior cmdBehavior, RunBehavior runBehavior, Boolean returnStream, String method, TaskCompletionSource`1 completion, Int32 timeout, Task& task, Boolean& usedCache, Boolean asyncWrite, Boolean inRetry)
   at System.Data.SqlClient.SqlCommand.RunExecuteReader(CommandBehavior cmdBehavior, RunBehavior runBehavior, Boolean returnStream, String method)
   at System.Data.SqlClient.SqlCommand.ExecuteReader(CommandBehavior behavior, String method)
   at System.Data.Common.DbDataAdapter.FillInternal(DataSet dataset, DataTable[] datatables, Int32 startRecord, Int32 maxRecords, String srcTable, IDbCommand command, CommandBehavior behavior)
   at System.Data.Common.DbDataAdapter.Fill(DataSet dataSet, Int32 startRecord, Int32 maxRecords, String srcTable, IDbCommand command, CommandBehavior behavior)
   at System.Data.Common.DbDataAdapter.Fill(DataSet dataSet)
   at w2.Common.Sql.SqlAccessor.Select(SqlCommand sqlCommand) in c:\Users\ochiai\Documents\Visual Studio 2012\WebSites\w2.Common\Sql\SqlAccessor.cs:line 204
   at w2.Common.Sql.SqlStatement.SelectStatement(SqlAccessor sqlAccessor, IDictionary input) in c:\Users\ochiai\Documents\Visual Studio 2012\WebSites\w2.Common\Sql\SqlStatement.cs:line 369

[error] 2025年9月17日15:48:22　/Form/Forum/ForumTop.aspx   [::1] [Mozilla/5.0 (Windows NT 10.0; Win64; x64) AppleWebKit/537.36 (KHTML, like Gecko) Chrome/140.0.0.0 Safari/537.36]
-> Exception of type 'System.Web.HttpUnhandledException' was thrown.
   at System.Web.UI.Page.HandleError(Exception e)
   at System.Web.UI.Page.ProcessRequestMain(Boolean includeStagesBeforeAsyncPoint, Boolean includeStagesAfterAsyncPoint)
   at System.Web.UI.Page.ProcessRequest(Boolean includeStagesBeforeAsyncPoint, Boolean includeStagesAfterAsyncPoint)
   at System.Web.UI.Page.ProcessRequest()
   at System.Web.UI.Page.ProcessRequestWithNoAssert(HttpContext context)
   at System.Web.UI.Page.ProcessRequest(HttpContext context)
   at ASP.form_forum_forumtop_aspx.ProcessRequest(HttpContext context)
   at System.Web.HttpApplication.CallHandlerExecutionStep.System.Web.HttpApplication.IExecutionStep.Execute()
   at System.Web.HttpApplication.ExecuteStepImpl(IExecutionStep step)
   at System.Web.HttpApplication.ExecuteStep(IExecutionStep step, Boolean& completedSynchronously)
-> Object reference not set to an instance of an object.
   at Form_Forum_ForumTop.RebindParentAndShowChild(Int32 forum_id)
   at Form_Forum_ForumTop.gvForumRes_RowCommand(Object sender, GridViewCommandEventArgs e)
   at System.Web.UI.WebControls.GridView.OnRowCommand(GridViewCommandEventArgs e)
   at System.Web.UI.WebControls.GridView.HandleEvent(EventArgs e, Boolean causesValidation, String validationGroup)
   at System.Web.UI.WebControls.GridView.OnBubbleEvent(Object source, EventArgs e)
   at System.Web.UI.Control.RaiseBubbleEvent(Object source, EventArgs args)
   at System.Web.UI.WebControls.GridViewRow.OnBubbleEvent(Object source, EventArgs e)
   at System.Web.UI.Control.RaiseBubbleEvent(Object source, EventArgs args)
   at System.Web.UI.WebControls.LinkButton.OnCommand(CommandEventArgs e)
   at System.Web.UI.WebControls.LinkButton.RaisePostBackEvent(String eventArgument)
   at System.Web.UI.WebControls.LinkButton.System.Web.UI.IPostBackEventHandler.RaisePostBackEvent(String eventArgument)
   at System.Web.UI.Page.RaisePostBackEvent(IPostBackEventHandler sourceControl, String eventArgument)
   at System.Web.UI.Page.RaisePostBackEvent(NameValueCollection postData)
   at System.Web.UI.Page.ProcessRequestMain(Boolean includeStagesBeforeAsyncPoint, Boolean includeStagesAfterAsyncPoint)

[error] 2025年9月17日21:15:36　/Form/Forum/ForumTop.aspx   [::1] [Mozilla/5.0 (Windows NT 10.0; Win64; x64) AppleWebKit/537.36 (KHTML, like Gecko) Chrome/140.0.0.0 Safari/537.36]
-> Exception of type 'System.Web.HttpUnhandledException' was thrown.
   at System.Web.UI.Page.HandleError(Exception e)
   at System.Web.UI.Page.ProcessRequestMain(Boolean includeStagesBeforeAsyncPoint, Boolean includeStagesAfterAsyncPoint)
   at System.Web.UI.Page.ProcessRequest(Boolean includeStagesBeforeAsyncPoint, Boolean includeStagesAfterAsyncPoint)
   at System.Web.UI.Page.ProcessRequest()
   at System.Web.UI.Page.ProcessRequestWithNoAssert(HttpContext context)
   at System.Web.UI.Page.ProcessRequest(HttpContext context)
   at ASP.form_forum_forumtop_aspx.ProcessRequest(HttpContext context) in c:\Users\romer\AppData\Local\Temp\Temporary ASP.NET Files\vs\b3d61826\4e34d6ee\App_Web_awgg5lns.0.cs:line 0
   at System.Web.HttpApplication.CallHandlerExecutionStep.System.Web.HttpApplication.IExecutionStep.Execute()
   at System.Web.HttpApplication.ExecuteStepImpl(IExecutionStep step)
   at System.Web.HttpApplication.ExecuteStep(IExecutionStep step, Boolean& completedSynchronously)
-> Unable to cast object of type 'System.Int32' to type 'System.String'.
   at Form_Forum_ForumTop.Page_Load(Object sender, EventArgs e) in c:\Users\romer\OneDrive\Documents\Visual Studio 2022\Projects\WebSites(RAUL_ROMERO)\RRP_Forum\Form\Forum\ForumTop.aspx.cs:line 91
   at System.Web.Util.CalliEventHandlerDelegateProxy.Callback(Object sender, EventArgs e)
   at System.Web.UI.Control.OnLoad(EventArgs e)
   at System.Web.UI.Control.LoadRecursive()
   at System.Web.UI.Page.ProcessRequestMain(Boolean includeStagesBeforeAsyncPoint, Boolean includeStagesAfterAsyncPoint)

[error] 2025年9月17日21:18:32　/Form/Forum/ForumTop.aspx   [::1] [Mozilla/5.0 (Windows NT 10.0; Win64; x64) AppleWebKit/537.36 (KHTML, like Gecko) Chrome/140.0.0.0 Safari/537.36]
-> c:\Users\romer\OneDrive\Documents\Visual Studio 2022\Projects\WebSites(RAUL_ROMERO)\RRP_Forum\Form\Forum\ForumTop.aspx.cs(91): error CS1002: ; expected
   at System.Web.Compilation.BuildManager.CompileWebFile(VirtualPath virtualPath)
   at System.Web.Compilation.BuildManager.GetVPathBuildResultInternal(VirtualPath virtualPath, Boolean noBuild, Boolean allowCrossApp, Boolean allowBuildInPrecompile, Boolean throwIfNotFound, Boolean ensureIsUpToDate)
   at System.Web.Compilation.BuildManager.GetVPathBuildResultWithNoAssert(HttpContext context, VirtualPath virtualPath, Boolean noBuild, Boolean allowCrossApp, Boolean allowBuildInPrecompile, Boolean throwIfNotFound, Boolean ensureIsUpToDate)
   at System.Web.Compilation.BuildManager.GetVirtualPathObjectFactory(VirtualPath virtualPath, HttpContext context, Boolean allowCrossApp, Boolean throwIfNotFound)
   at System.Web.Compilation.BuildManager.GetVirtualPathObjectFactory(VirtualPath virtualPath, HttpContext context, Boolean allowCrossApp)
   at System.Web.Compilation.BuildManager.CreateInstanceFromVirtualPath(VirtualPath virtualPath, Type requiredBaseType, HttpContext context, Boolean allowCrossApp)
   at System.Web.UI.PageHandlerFactory.GetHandlerHelper(HttpContext context, String requestType, VirtualPath virtualPath, String physicalPath)
   at System.Web.UI.PageHandlerFactory.GetHandler(HttpContext context, String requestType, String virtualPath, String path)
   at System.Web.HttpApplication.MaterializeHandlerExecutionStep.System.Web.HttpApplication.IExecutionStep.Execute()
   at System.Web.HttpApplication.ExecuteStepImpl(IExecutionStep step)
   at System.Web.HttpApplication.ExecuteStep(IExecutionStep step, Boolean& completedSynchronously)

[error] 2025年9月17日21:34:12　/Form/Forum/ForumTop.aspx   [::1] [Mozilla/5.0 (Windows NT 10.0; Win64; x64) AppleWebKit/537.36 (KHTML, like Gecko) Chrome/140.0.0.0 Safari/537.36]
-> Exception of type 'System.Web.HttpUnhandledException' was thrown.
   at System.Web.UI.Page.HandleError(Exception e)
   at System.Web.UI.Page.ProcessRequestMain(Boolean includeStagesBeforeAsyncPoint, Boolean includeStagesAfterAsyncPoint)
   at System.Web.UI.Page.ProcessRequest(Boolean includeStagesBeforeAsyncPoint, Boolean includeStagesAfterAsyncPoint)
   at System.Web.UI.Page.ProcessRequest()
   at System.Web.UI.Page.ProcessRequestWithNoAssert(HttpContext context)
   at System.Web.UI.Page.ProcessRequest(HttpContext context)
   at ASP.form_forum_forumtop_aspx.ProcessRequest(HttpContext context)
   at System.Web.HttpApplication.CallHandlerExecutionStep.System.Web.HttpApplication.IExecutionStep.Execute()
   at System.Web.HttpApplication.ExecuteStepImpl(IExecutionStep step)
   at System.Web.HttpApplication.ExecuteStep(IExecutionStep step, Boolean& completedSynchronously)
-> Object reference not set to an instance of an object.
   at Form_Forum_ForumTop.gvForum_RowDataBound(Object sender, GridViewRowEventArgs e)
   at System.Web.UI.WebControls.GridView.OnRowDataBound(GridViewRowEventArgs e)
   at System.Web.UI.WebControls.GridView.CreateRow(Int32 rowIndex, Int32 dataSourceIndex, DataControlRowType rowType, DataControlRowState rowState, Boolean dataBind, Object dataItem, DataControlField[] fields, TableRowCollection rows, PagedDataSource pagedDataSource)
   at System.Web.UI.WebControls.GridView.CreateChildControls(IEnumerable dataSource, Boolean dataBinding)
   at System.Web.UI.WebControls.CompositeDataBoundControl.PerformDataBinding(IEnumerable data)
   at System.Web.UI.WebControls.GridView.PerformDataBinding(IEnumerable data)
   at System.Web.UI.WebControls.DataBoundControl.OnDataSourceViewSelectCallback(IEnumerable data)
   at System.Web.UI.DataSourceView.Select(DataSourceSelectArguments arguments, DataSourceViewSelectCallback callback)
   at System.Web.UI.WebControls.DataBoundControl.PerformSelect()
   at System.Web.UI.WebControls.BaseDataBoundControl.DataBind()
   at System.Web.UI.WebControls.GridView.DataBind()
   at Form_Forum_ForumTop.Forum_BindData()
   at Form_Forum_ForumTop.Page_Load(Object sender, EventArgs e)
   at System.Web.Util.CalliEventHandlerDelegateProxy.Callback(Object sender, EventArgs e)
   at System.Web.UI.Control.OnLoad(EventArgs e)
   at System.Web.UI.Control.LoadRecursive()
   at System.Web.UI.Page.ProcessRequestMain(Boolean includeStagesBeforeAsyncPoint, Boolean includeStagesAfterAsyncPoint)

